

<!DOCTYPE html>
<html>
<head>
<meta charset="UTF-8">
<meta name="viewport" content="width=device-width, initial-scale=1, shrink-to-fit=no">
<title>Finance Automation</title>
<link rel="apple-touch-icon" href="https://cdn.jsdelivr.net/gh/extent-framework/extent-github-cdn@b00a2d0486596e73dd7326beacf352c639623a0e/commons/img/logo.png">
<link rel="shortcut icon" href="https://cdn.jsdelivr.net/gh/extent-framework/extent-github-cdn@b00a2d0486596e73dd7326beacf352c639623a0e/commons/img/logo.png">
<link href="https://cdn.jsdelivr.net/gh/extent-framework/extent-github-cdn@d6562a79075e061305ccfdb82f01e5e195e2d307/spark/css/spark-style.css" rel="stylesheet" />
<link href="https://stackpath.bootstrapcdn.com/font-awesome/4.7.0/css/font-awesome.min.css" rel="stylesheet">
<script src="https://cdn.jsdelivr.net/gh/extent-framework/extent-github-cdn@7cc78ce/spark/js/jsontree.js"></script>
<style type="text/css"></style></head><body class="spa bdd-report standard">
  <div class="app">
    <div class="layout">
<div class="header navbar">
<div class="vheader">
<div class="nav-logo">
<a href="#">
<div class="logo" style="background-image: url('https://cdn.jsdelivr.net/gh/extent-framework/extent-github-cdn@b00a2d0486596e73dd7326beacf352c639623a0e/commons/img/logo.png')"></div>
</a>
</div>
<ul class="nav-left">
<li class="search-box">
<a class="search-toggle" href="#">
<i class="search-icon fa fa-search"></i>
<i class="search-icon-close fa fa-close"></i>
</a>
</li>
<li class="search-input"><input id="search-tests" class="form-control" type="text" placeholder="Search..."></li>
</ul>
<ul class="nav-right">
<li class="m-r-10">
<a href="#"><span class="badge badge-primary">Netsuite_CustomizedFeatures_Automation</span></a>
</li>
<li class="m-r-10">
<a href="#"><span class="badge badge-primary">Dec 12, 2023 12:55:27 pm</span></a>
</li>
</ul>
</div>
</div><div class="side-nav">
<div class="side-nav-inner">
<ul class="side-nav-menu">
<li class="nav-item dropdown" onclick="toggleView('test-view')">
<a id="nav-test" class="dropdown-toggle" href="#">
<span class="ico"><i class="fa fa-list"></i></span>
</a>
</li>
<li class="nav-item dropdown" onclick="toggleView('exception-view')">
<a id="nav-exception" class="dropdown-toggle" href="#">
<span class="ico"><i class="fa fa-bug"></i></span>
</a>
</li>
<li class="nav-item dropdown" onclick="toggleView('category-view')">
<a id="nav-category" class="dropdown-toggle" href="#">
<span class="ico"><i class="fa fa-tag"></i></span>
</a>
</li>
<li class="nav-item dropdown" onclick="toggleView('dashboard-view')">
<a id="nav-dashboard" class="dropdown-toggle" href="#">
<span class="ico"><i class="fa fa-bar-chart"></i></span>
</a>
</li>
</ul>
</div>
</div>      <div class="vcontainer">
        <div class="main-content">
<div class="test-wrapper row view test-view">
  <div class="test-list">
    <div class="test-list-tools">
<ul class="tools pull-left">
<li><a href="#"><span class="font-size-14">Tests</span></a></li>
</ul>
<ul class="tools text-right">
<li class="dropdown">
<a href="#" class="dropdown-toggle" data-toggle="dropdown"><i class="fa fa-exclamation-circle"></i></a>
<ul id="status-toggle" class="dropdown-menu dropdown-md p-v-0">
<a class="dropdown-item" status="fail" href="#"><span>Fail</span><span class="status danger"></span></a>
<div class="dropdown-divider"></div>
<a status="clear" class="dropdown-item" href="#"><span>Clear</span><span class="pull-right"><i class="fa fa-close"></i></span></a>
</ul>
</li>
<li class="dropdown">
<a href="#" class="dropdown-toggle" data-toggle="dropdown"><i class="fa fa-tag"></i></a>
<ul id="tag-toggle" class="dropdown-menu dropdown-md p-v-0">
<a class="dropdown-item" href="#">@Demo</a><a class="dropdown-item" href="#">@AP</a><a class="dropdown-item" href="#">@closeDriver</a>
</ul>
</li>
</ul>
</div>    <div class="test-list-wrapper scrollable">
      <ul class="test-list-item">
        <li class="test-item"  status="fail" test-id="1"
          author=""
          tag=""
          device="">
          <div class="test-detail">
            <p class="name">Supplier ID Generation</p>
            <p class="text-sm">
              <span>12:55:29 pm</span> / <span>00:00:38:819</span>
              <span class="badge fail-bg log float-right">Fail</span>
            </p>
          </div>
          <div class="test-contents d-none">
<div class="detail-head">
<div class="p-v-10">
<div class="info">
<h5 class="test-status text-fail">Supplier ID Generation</h5>
<span class='badge badge-success'>12.12.2023 12:55:29 pm</span>
<span class='badge badge-danger'>12.12.2023 12:56:08 pm</span>
<span class='badge badge-default'>00:00:38:819</span>
&middot; <span class='uri-anchor badge badge-default'>#test-id=1</span>
<span class='badge badge-default pointer float-right ml-1 et'><i class="fa fa-chevron-down"></i></span>
<span class='badge badge-default pointer float-right ct'><i class="fa fa-chevron-up"></i></span>
</div>
<div class="m-t-10 m-l-5"></div>
</div>
</div>
<div class="accordion mt-4">
  <div class="card">
    <div class="card-header" role="tab">
      <div class="card-title">
        <div class="node" id="2"><span class="badge log fail-bg mr-2">Fail</span>User creates a Stock vendor</div>
      </div>
    </div>
        <div class="">
          <div class="card-body">
              <div class="step fail-bg" title="StepDefinition.AutoGenerationSupplierNumber.user_is_logged_into_the_netsuite_application_with_wickes_developer_role()">
                <span>Given User is logged into the Netsuite Application with Wickes developer role</span>
      <div>
        <textarea disabled class="code-block">org.openqa.selenium.NoSuchWindowException: no such window: target window already closed
from unknown error: web view not found
  (Session info: chrome=117.0.5938.63)
Build info: version: '4.10.0', revision: 'c14d967899'
System info: os.name: 'Windows 10', os.arch: 'amd64', os.version: '10.0', java.version: '17.0.1'
Driver info: org.openqa.selenium.chrome.ChromeDriver
Command: [e30dcba390e3f32aee0d297dcaa410ad, getTitle {}]
Capabilities {acceptInsecureCerts: false, browserName: chrome, browserVersion: 117.0.5938.63, chrome: {chromedriverVersion: 117.0.5938.149 (e3344ddefa1..., userDataDir: C:\WINDOWS\SystemTemp\scope...}, fedcm:accounts: true, goog:chromeOptions: {debuggerAddress: localhost:54236}, networkConnectionEnabled: false, pageLoadStrategy: normal, platformName: windows, proxy: Proxy(), se:cdp: ws://localhost:54236/devtoo..., se:cdpVersion: 117.0.5938.63, setWindowRect: true, strictFileInteractability: false, timeouts: {implicit: 0, pageLoad: 300000, script: 30000}, unhandledPromptBehavior: dismiss and notify, webauthn:extension:credBlob: true, webauthn:extension:largeBlob: true, webauthn:extension:minPinLength: true, webauthn:extension:prf: true, webauthn:virtualAuthenticators: true}
Session ID: e30dcba390e3f32aee0d297dcaa410ad
	at java.base/jdk.internal.reflect.NativeConstructorAccessorImpl.newInstance0(Native Method)
	at java.base/jdk.internal.reflect.NativeConstructorAccessorImpl.newInstance(NativeConstructorAccessorImpl.java:77)
	at java.base/jdk.internal.reflect.DelegatingConstructorAccessorImpl.newInstance(DelegatingConstructorAccessorImpl.java:45)
	at java.base/java.lang.reflect.Constructor.newInstanceWithCaller(Constructor.java:499)
	at java.base/java.lang.reflect.Constructor.newInstance(Constructor.java:480)
	at org.openqa.selenium.remote.codec.w3c.W3CHttpResponseCodec.createException(W3CHttpResponseCodec.java:199)
	at org.openqa.selenium.remote.codec.w3c.W3CHttpResponseCodec.decode(W3CHttpResponseCodec.java:132)
	at org.openqa.selenium.remote.codec.w3c.W3CHttpResponseCodec.decode(W3CHttpResponseCodec.java:51)
	at org.openqa.selenium.remote.HttpCommandExecutor.execute(HttpCommandExecutor.java:191)
	at org.openqa.selenium.remote.service.DriverCommandExecutor.invokeExecute(DriverCommandExecutor.java:196)
	at org.openqa.selenium.remote.service.DriverCommandExecutor.execute(DriverCommandExecutor.java:171)
	at org.openqa.selenium.remote.RemoteWebDriver.execute(RemoteWebDriver.java:531)
	at org.openqa.selenium.remote.RemoteWebDriver.execute(RemoteWebDriver.java:590)
	at org.openqa.selenium.remote.RemoteWebDriver.execute(RemoteWebDriver.java:594)
	at org.openqa.selenium.remote.RemoteWebDriver.getTitle(RemoteWebDriver.java:300)
	at Generic.genericFunction.LoginToNetsuite(genericFunction.java:78)
	at StepDefinition.AutoGenerationSupplierNumber.user_is_logged_into_the_netsuite_application_with_wickes_developer_role(AutoGenerationSupplierNumber.java:40)
	at ?.User is logged into the Netsuite Application with Wickes developer role(file:///C:/Users/902303/eclipse-workspace/FinanceAutomation/src/main/resources/featurefile/AutoGeneration_Supplier.feature:5)
</textarea>
      
      </div>
              </div>
              <div class="step skip-bg" title="StepDefinition.AutoGenerationSupplierNumber.user_creates_the_vendors(java.lang.String)">
                <span>When User creates the "stock" vendor</span>
      <div>Step skipped
      </div>
              </div>
              <div class="step skip-bg" title="StepDefinition.AutoGenerationSupplierNumber.user_logs_in_with_a_p_manager_role()">
                <span>When User logs in with AP manager role</span>
      <div>Step skipped
      </div>
              </div>
              <div class="step skip-bg" title="StepDefinition.AutoGenerationSupplierNumber.user_approves_the_vendor()">
                <span>And User approves the vendor</span>
      <div>Step skipped
      </div>
              </div>
              <div class="step skip-bg" title="StepDefinition.AutoGenerationSupplierNumber.user_logs_back_into_the_wickes_developer_role()">
                <span>And User logs back into the Wickes developer role</span>
      <div>Step skipped
      </div>
              </div>
              <div class="step skip-bg" title="StepDefinition.AutoGenerationSupplierNumber.user_gets_the_vendor_id()">
                <span>And User gets the vendor ID</span>
      <div>Step skipped
      </div>
              </div>
              <div class="step skip-bg" title="StepDefinition.AutoGenerationSupplierNumber.vendor_id_should_start_with(java.lang.String)">
                <span>Then Vendor ID should start with "S".</span>
      <div>Step skipped
      </div>
              </div>
              <div class="step fail-bg" title="AFTER">
                <span>StepDefinition.Hooks.takeScreenshot(io.cucumber.java.Scenario)</span>
      <div>
        <textarea disabled class="code-block">org.openqa.selenium.NoSuchWindowException: no such window: target window already closed
from unknown error: web view not found
  (Session info: chrome=117.0.5938.63)
Build info: version: '4.10.0', revision: 'c14d967899'
System info: os.name: 'Windows 10', os.arch: 'amd64', os.version: '10.0', java.version: '17.0.1'
Driver info: org.openqa.selenium.chrome.ChromeDriver
Command: [e30dcba390e3f32aee0d297dcaa410ad, screenshot {}]
Capabilities {acceptInsecureCerts: false, browserName: chrome, browserVersion: 117.0.5938.63, chrome: {chromedriverVersion: 117.0.5938.149 (e3344ddefa1..., userDataDir: C:\WINDOWS\SystemTemp\scope...}, fedcm:accounts: true, goog:chromeOptions: {debuggerAddress: localhost:54236}, networkConnectionEnabled: false, pageLoadStrategy: normal, platformName: windows, proxy: Proxy(), se:cdp: ws://localhost:54236/devtoo..., se:cdpVersion: 117.0.5938.63, setWindowRect: true, strictFileInteractability: false, timeouts: {implicit: 0, pageLoad: 300000, script: 30000}, unhandledPromptBehavior: dismiss and notify, webauthn:extension:credBlob: true, webauthn:extension:largeBlob: true, webauthn:extension:minPinLength: true, webauthn:extension:prf: true, webauthn:virtualAuthenticators: true}
Session ID: e30dcba390e3f32aee0d297dcaa410ad
	at java.base/jdk.internal.reflect.NativeConstructorAccessorImpl.newInstance0(Native Method)
	at java.base/jdk.internal.reflect.NativeConstructorAccessorImpl.newInstance(NativeConstructorAccessorImpl.java:77)
	at java.base/jdk.internal.reflect.DelegatingConstructorAccessorImpl.newInstance(DelegatingConstructorAccessorImpl.java:45)
	at java.base/java.lang.reflect.Constructor.newInstanceWithCaller(Constructor.java:499)
	at java.base/java.lang.reflect.Constructor.newInstance(Constructor.java:480)
	at org.openqa.selenium.remote.codec.w3c.W3CHttpResponseCodec.createException(W3CHttpResponseCodec.java:199)
	at org.openqa.selenium.remote.codec.w3c.W3CHttpResponseCodec.decode(W3CHttpResponseCodec.java:132)
	at org.openqa.selenium.remote.codec.w3c.W3CHttpResponseCodec.decode(W3CHttpResponseCodec.java:51)
	at org.openqa.selenium.remote.HttpCommandExecutor.execute(HttpCommandExecutor.java:191)
	at org.openqa.selenium.remote.service.DriverCommandExecutor.invokeExecute(DriverCommandExecutor.java:196)
	at org.openqa.selenium.remote.service.DriverCommandExecutor.execute(DriverCommandExecutor.java:171)
	at org.openqa.selenium.remote.RemoteWebDriver.execute(RemoteWebDriver.java:531)
	at org.openqa.selenium.remote.RemoteWebDriver.execute(RemoteWebDriver.java:590)
	at org.openqa.selenium.remote.RemoteWebDriver.execute(RemoteWebDriver.java:594)
	at org.openqa.selenium.remote.RemoteWebDriver.getScreenshotAs(RemoteWebDriver.java:316)
	at StepDefinition.Hooks.takeScreenshot(Hooks.java:40)
</textarea>
      
      </div>
              </div>
          </div>
        </div>
  </div>
  <div class="card">
    <div class="card-header" role="tab">
      <div class="card-title">
        <div class="node" id="12"><span class="badge log fail-bg mr-2">Fail</span>User rejects a Stock vendor during approval</div>
      </div>
    </div>
        <div class="">
          <div class="card-body">
              <div class="step fail-bg" title="StepDefinition.AutoGenerationSupplierNumber.user_is_in_the_netsuite_home_page()">
                <span>Given User is in the Netsuite HomePage</span>
      <div>
        <textarea disabled class="code-block">junit.framework.AssertionFailedError: Element not found
	at junit.framework.Assert.fail(Assert.java:57)
	at Generic.genericFunction.clickOnElement(genericFunction.java:265)
	at StepDefinition.AutoGenerationSupplierNumber.user_is_in_the_netsuite_home_page(AutoGenerationSupplierNumber.java:105)
	at ?.User is in the Netsuite HomePage(file:///C:/Users/902303/eclipse-workspace/FinanceAutomation/src/main/resources/featurefile/AutoGeneration_Supplier.feature:61)
</textarea>
      
      </div>
              </div>
              <div class="step skip-bg" title="StepDefinition.AutoGenerationSupplierNumber.user_creates_the_vendors(java.lang.String)">
                <span>When User creates the "stock" vendor</span>
      <div>Step skipped
      </div>
              </div>
              <div class="step skip-bg" title="StepDefinition.AutoGenerationSupplierNumber.user_switches_to_the_ap_manager_role()">
                <span>And User switches to the AP manager role</span>
      <div>Step skipped
      </div>
              </div>
              <div class="step skip-bg" title="StepDefinition.AutoGenerationSupplierNumber.user_rejects_the_vendor_with_the_reason()">
                <span>And User rejects the vendor with the reason</span>
      <div>Step skipped
      </div>
              </div>
              <div class="step skip-bg" title="StepDefinition.AutoGenerationSupplierNumber.user_logs_back_into_the_wickes_developer_role()">
                <span>And User logs back into the Wickes developer role</span>
      <div>Step skipped
      </div>
              </div>
              <div class="step skip-bg" title="StepDefinition.AutoGenerationSupplierNumber.user_verifies_the_rejected_vendor_record_has_the_rejection_reason()">
                <span>Then User verifies the rejected vendor record has the rejection reason</span>
      <div>Step skipped
      </div>
              </div>
              <div class="step fail-bg" title="AFTER">
                <span>StepDefinition.Hooks.takeScreenshot(io.cucumber.java.Scenario)</span>
      <div>
        <textarea disabled class="code-block">org.openqa.selenium.NoSuchWindowException: no such window: target window already closed
from unknown error: web view not found
  (Session info: chrome=117.0.5938.63)
Build info: version: '4.10.0', revision: 'c14d967899'
System info: os.name: 'Windows 10', os.arch: 'amd64', os.version: '10.0', java.version: '17.0.1'
Driver info: org.openqa.selenium.chrome.ChromeDriver
Command: [e30dcba390e3f32aee0d297dcaa410ad, screenshot {}]
Capabilities {acceptInsecureCerts: false, browserName: chrome, browserVersion: 117.0.5938.63, chrome: {chromedriverVersion: 117.0.5938.149 (e3344ddefa1..., userDataDir: C:\WINDOWS\SystemTemp\scope...}, fedcm:accounts: true, goog:chromeOptions: {debuggerAddress: localhost:54236}, networkConnectionEnabled: false, pageLoadStrategy: normal, platformName: windows, proxy: Proxy(), se:cdp: ws://localhost:54236/devtoo..., se:cdpVersion: 117.0.5938.63, setWindowRect: true, strictFileInteractability: false, timeouts: {implicit: 0, pageLoad: 300000, script: 30000}, unhandledPromptBehavior: dismiss and notify, webauthn:extension:credBlob: true, webauthn:extension:largeBlob: true, webauthn:extension:minPinLength: true, webauthn:extension:prf: true, webauthn:virtualAuthenticators: true}
Session ID: e30dcba390e3f32aee0d297dcaa410ad
	at jdk.internal.reflect.GeneratedConstructorAccessor36.newInstance(Unknown Source)
	at java.base/jdk.internal.reflect.DelegatingConstructorAccessorImpl.newInstance(DelegatingConstructorAccessorImpl.java:45)
	at java.base/java.lang.reflect.Constructor.newInstanceWithCaller(Constructor.java:499)
	at java.base/java.lang.reflect.Constructor.newInstance(Constructor.java:480)
	at org.openqa.selenium.remote.codec.w3c.W3CHttpResponseCodec.createException(W3CHttpResponseCodec.java:199)
	at org.openqa.selenium.remote.codec.w3c.W3CHttpResponseCodec.decode(W3CHttpResponseCodec.java:132)
	at org.openqa.selenium.remote.codec.w3c.W3CHttpResponseCodec.decode(W3CHttpResponseCodec.java:51)
	at org.openqa.selenium.remote.HttpCommandExecutor.execute(HttpCommandExecutor.java:191)
	at org.openqa.selenium.remote.service.DriverCommandExecutor.invokeExecute(DriverCommandExecutor.java:196)
	at org.openqa.selenium.remote.service.DriverCommandExecutor.execute(DriverCommandExecutor.java:171)
	at org.openqa.selenium.remote.RemoteWebDriver.execute(RemoteWebDriver.java:531)
	at org.openqa.selenium.remote.RemoteWebDriver.execute(RemoteWebDriver.java:590)
	at org.openqa.selenium.remote.RemoteWebDriver.execute(RemoteWebDriver.java:594)
	at org.openqa.selenium.remote.RemoteWebDriver.getScreenshotAs(RemoteWebDriver.java:316)
	at StepDefinition.Hooks.takeScreenshot(Hooks.java:40)
</textarea>
      
      </div>
              </div>
          </div>
        </div>
  </div>
  <div class="card">
    <div class="card-header" role="tab">
      <div class="card-title">
        <div class="node" id="21"><span class="badge log fail-bg mr-2">Fail</span>User resubmits the rejected stock vendor</div>
      </div>
    </div>
        <div class="">
          <div class="card-body">
              <div class="step pass-bg" title="StepDefinition.AutoGenerationSupplierNumber.user_is_on_the_rejected_stock_vendor_record()">
                <span>Given User is on the rejected stock vendor record</span>
      <div>
      </div>
              </div>
              <div class="step fail-bg" title="StepDefinition.AutoGenerationSupplierNumber.user_updates_the_vendor_record_with_correct_details()">
                <span>When User updates the vendor record with correct details</span>
      <div>
        <textarea disabled class="code-block">junit.framework.AssertionFailedError: Element not found
	at junit.framework.Assert.fail(Assert.java:57)
	at Generic.genericFunction.clickOnElement(genericFunction.java:265)
	at StepDefinition.AutoGenerationSupplierNumber.user_updates_the_vendor_record_with_correct_details(AutoGenerationSupplierNumber.java:189)
	at ?.User updates the vendor record with correct details(file:///C:/Users/902303/eclipse-workspace/FinanceAutomation/src/main/resources/featurefile/AutoGeneration_Supplier.feature:71)
</textarea>
      
      </div>
              </div>
              <div class="step skip-bg" title="StepDefinition.AutoGenerationSupplierNumber.user_resubmits_the_vendor_record_for_approval()">
                <span>And User resubmits the vendor record for approval</span>
      <div>Step skipped
      </div>
              </div>
              <div class="step skip-bg" title="StepDefinition.AutoGenerationSupplierNumber.user_switches_to_the_ap_manager_role()">
                <span>And User switches to the AP manager role</span>
      <div>Step skipped
      </div>
              </div>
              <div class="step skip-bg" title="StepDefinition.AutoGenerationSupplierNumber.user_approves_the_vendor()">
                <span>And User approves the vendor</span>
      <div>Step skipped
      </div>
              </div>
              <div class="step skip-bg" title="StepDefinition.AutoGenerationSupplierNumber.user_logs_back_into_the_wickes_developer_role()">
                <span>And User logs back into the Wickes developer role</span>
      <div>Step skipped
      </div>
              </div>
              <div class="step skip-bg" title="StepDefinition.AutoGenerationSupplierNumber.user_gets_the_vendor_id()">
                <span>And User gets the vendor ID</span>
      <div>Step skipped
      </div>
              </div>
              <div class="step skip-bg" title="StepDefinition.AutoGenerationSupplierNumber.vendor_id_should_start_with(java.lang.String)">
                <span>Then Vendor ID should start with "S".</span>
      <div>Step skipped
      </div>
              </div>
              <div class="step fail-bg" title="AFTER">
                <span>StepDefinition.Hooks.takeScreenshot(io.cucumber.java.Scenario)</span>
      <div>
        <textarea disabled class="code-block">org.openqa.selenium.NoSuchWindowException: no such window: target window already closed
from unknown error: web view not found
  (Session info: chrome=117.0.5938.63)
Build info: version: '4.10.0', revision: 'c14d967899'
System info: os.name: 'Windows 10', os.arch: 'amd64', os.version: '10.0', java.version: '17.0.1'
Driver info: org.openqa.selenium.chrome.ChromeDriver
Command: [e30dcba390e3f32aee0d297dcaa410ad, screenshot {}]
Capabilities {acceptInsecureCerts: false, browserName: chrome, browserVersion: 117.0.5938.63, chrome: {chromedriverVersion: 117.0.5938.149 (e3344ddefa1..., userDataDir: C:\WINDOWS\SystemTemp\scope...}, fedcm:accounts: true, goog:chromeOptions: {debuggerAddress: localhost:54236}, networkConnectionEnabled: false, pageLoadStrategy: normal, platformName: windows, proxy: Proxy(), se:cdp: ws://localhost:54236/devtoo..., se:cdpVersion: 117.0.5938.63, setWindowRect: true, strictFileInteractability: false, timeouts: {implicit: 0, pageLoad: 300000, script: 30000}, unhandledPromptBehavior: dismiss and notify, webauthn:extension:credBlob: true, webauthn:extension:largeBlob: true, webauthn:extension:minPinLength: true, webauthn:extension:prf: true, webauthn:virtualAuthenticators: true}
Session ID: e30dcba390e3f32aee0d297dcaa410ad
	at jdk.internal.reflect.GeneratedConstructorAccessor36.newInstance(Unknown Source)
	at java.base/jdk.internal.reflect.DelegatingConstructorAccessorImpl.newInstance(DelegatingConstructorAccessorImpl.java:45)
	at java.base/java.lang.reflect.Constructor.newInstanceWithCaller(Constructor.java:499)
	at java.base/java.lang.reflect.Constructor.newInstance(Constructor.java:480)
	at org.openqa.selenium.remote.codec.w3c.W3CHttpResponseCodec.createException(W3CHttpResponseCodec.java:199)
	at org.openqa.selenium.remote.codec.w3c.W3CHttpResponseCodec.decode(W3CHttpResponseCodec.java:132)
	at org.openqa.selenium.remote.codec.w3c.W3CHttpResponseCodec.decode(W3CHttpResponseCodec.java:51)
	at org.openqa.selenium.remote.HttpCommandExecutor.execute(HttpCommandExecutor.java:191)
	at org.openqa.selenium.remote.service.DriverCommandExecutor.invokeExecute(DriverCommandExecutor.java:196)
	at org.openqa.selenium.remote.service.DriverCommandExecutor.execute(DriverCommandExecutor.java:171)
	at org.openqa.selenium.remote.RemoteWebDriver.execute(RemoteWebDriver.java:531)
	at org.openqa.selenium.remote.RemoteWebDriver.execute(RemoteWebDriver.java:590)
	at org.openqa.selenium.remote.RemoteWebDriver.execute(RemoteWebDriver.java:594)
	at org.openqa.selenium.remote.RemoteWebDriver.getScreenshotAs(RemoteWebDriver.java:316)
	at StepDefinition.Hooks.takeScreenshot(Hooks.java:40)
</textarea>
      
      </div>
              </div>
          </div>
        </div>
  </div>
</div>
          </div>
        </li>
        <li class="test-item"  status="fail" test-id="33"
          author=""
          tag=""
          device="">
          <div class="test-detail">
            <p class="name">Due Dates</p>
            <p class="text-sm">
              <span>12:56:08 pm</span> / <span>00:00:02:011</span>
              <span class="badge fail-bg log float-right">Fail</span>
            </p>
          </div>
          <div class="test-contents d-none">
<div class="detail-head">
<div class="p-v-10">
<div class="info">
<h5 class="test-status text-fail">Due Dates</h5>
<span class='badge badge-success'>12.12.2023 12:56:08 pm</span>
<span class='badge badge-danger'>12.12.2023 12:56:10 pm</span>
<span class='badge badge-default'>00:00:02:011</span>
&middot; <span class='uri-anchor badge badge-default'>#test-id=33</span>
<span class='badge badge-default pointer float-right ml-1 et'><i class="fa fa-chevron-down"></i></span>
<span class='badge badge-default pointer float-right ct'><i class="fa fa-chevron-up"></i></span>
</div>
<div class="m-t-10 m-l-5"></div>
</div>
</div>
<div class="accordion mt-4">
  <div class="card">
    <div class="card-header" role="tab">
      <div class="card-title">
        <div class="node" id="34"><span class="badge log fail-bg mr-2">Fail</span>User verifies the Due date set script populates the correct due date on the <transactionType> received from Readsoft for the <term></div>
      </div>
    </div>
        <div class="scenario_outline ">
            <div class="card-body l1">
              <div class="card-header">
                <div class="card-title outline-child">
                  <div class="node" id="35"><span class="badge log fail-bg mr-2">Fail</span>User verifies the Due date set script populates the correct due date on the GNFR invoice received from Readsoft for the X term</div>
                </div>
              </div>
              <div class="card-body mt-3 ">
                  <div class="step fail-bg">
                    <span>Given User is logged into the Readsoft Application with AP Manager role</span>
      <div>
        <textarea disabled class="code-block">org.openqa.selenium.NoSuchSessionException: Session ID is null. Using WebDriver after calling quit()?
Build info: version: '4.10.0', revision: 'c14d967899'
System info: os.name: 'Windows 10', os.arch: 'amd64', os.version: '10.0', java.version: '17.0.1'
Driver info: org.openqa.selenium.chrome.ChromeDriver
Command: [null, getWindowHandles {}]
Capabilities {acceptInsecureCerts: false, browserName: chrome, browserVersion: 117.0.5938.63, chrome: {chromedriverVersion: 117.0.5938.149 (e3344ddefa1..., userDataDir: C:\WINDOWS\SystemTemp\scope...}, fedcm:accounts: true, goog:chromeOptions: {debuggerAddress: localhost:54236}, networkConnectionEnabled: false, pageLoadStrategy: normal, platformName: windows, proxy: Proxy(), se:cdp: ws://localhost:54236/devtoo..., se:cdpVersion: 117.0.5938.63, setWindowRect: true, strictFileInteractability: false, timeouts: {implicit: 0, pageLoad: 300000, script: 30000}, unhandledPromptBehavior: dismiss and notify, webauthn:extension:credBlob: true, webauthn:extension:largeBlob: true, webauthn:extension:minPinLength: true, webauthn:extension:prf: true, webauthn:virtualAuthenticators: true}
	at org.openqa.selenium.remote.HttpCommandExecutor.execute(HttpCommandExecutor.java:152)
	at org.openqa.selenium.remote.service.DriverCommandExecutor.invokeExecute(DriverCommandExecutor.java:196)
	at org.openqa.selenium.remote.service.DriverCommandExecutor.execute(DriverCommandExecutor.java:171)
	at org.openqa.selenium.remote.RemoteWebDriver.execute(RemoteWebDriver.java:531)
	at org.openqa.selenium.remote.RemoteWebDriver.execute(RemoteWebDriver.java:590)
	at org.openqa.selenium.remote.RemoteWebDriver.execute(RemoteWebDriver.java:594)
	at org.openqa.selenium.remote.RemoteWebDriver.getWindowHandles(RemoteWebDriver.java:455)
	at StepDefinition.ReadsoftToNetsuite.switchWindow(ReadsoftToNetsuite.java:619)
	at StepDefinition.ReadsoftToNetsuite.user_logs_into_readsoft(ReadsoftToNetsuite.java:40)
	at ?.User is logged into the Readsoft Application with AP Manager role(file:///C:/Users/902303/eclipse-workspace/FinanceAutomation/src/main/resources/featurefile/DueDates.feature:5)
</textarea>
      
      </div>
                  </div>
                  <div class="step skip-bg">
                    <span>When User creates the "GNFR invoice"</span>
      <div>Step skipped
      </div>
                  </div>
                  <div class="step skip-bg">
                    <span>And User logs into Netsuite Application</span>
      <div>Step skipped
      </div>
                  </div>
                  <div class="step skip-bg">
                    <span>And User opens the "GNFR invoice" record</span>
      <div>Step skipped
      </div>
                  </div>
                  <div class="step skip-bg">
                    <span>And User gets the Term details from the vendor record</span>
      <div>Step skipped
      </div>
                  </div>
                  <div class="step skip-bg">
                    <span>And User navigates back to the transaction record</span>
      <div>Step skipped
      </div>
                  </div>
                  <div class="step skip-bg">
                    <span>And User calculates due date from the supplier invoice date</span>
      <div>Step skipped
      </div>
                  </div>
                  <div class="step skip-bg">
                    <span>Then User verifies the due date is calculated correctly based on the terms mentioned in vendor record</span>
      <div>Step skipped
      </div>
                  </div>
                  <div class="step fail-bg">
                    <span>StepDefinition.Hooks.takeScreenshot(io.cucumber.java.Scenario)</span>
      <div>
        <textarea disabled class="code-block">org.openqa.selenium.NoSuchSessionException: Session ID is null. Using WebDriver after calling quit()?
Build info: version: '4.10.0', revision: 'c14d967899'
System info: os.name: 'Windows 10', os.arch: 'amd64', os.version: '10.0', java.version: '17.0.1'
Driver info: org.openqa.selenium.chrome.ChromeDriver
Command: [null, screenshot {}]
Capabilities {acceptInsecureCerts: false, browserName: chrome, browserVersion: 117.0.5938.63, chrome: {chromedriverVersion: 117.0.5938.149 (e3344ddefa1..., userDataDir: C:\WINDOWS\SystemTemp\scope...}, fedcm:accounts: true, goog:chromeOptions: {debuggerAddress: localhost:54236}, networkConnectionEnabled: false, pageLoadStrategy: normal, platformName: windows, proxy: Proxy(), se:cdp: ws://localhost:54236/devtoo..., se:cdpVersion: 117.0.5938.63, setWindowRect: true, strictFileInteractability: false, timeouts: {implicit: 0, pageLoad: 300000, script: 30000}, unhandledPromptBehavior: dismiss and notify, webauthn:extension:credBlob: true, webauthn:extension:largeBlob: true, webauthn:extension:minPinLength: true, webauthn:extension:prf: true, webauthn:virtualAuthenticators: true}
	at org.openqa.selenium.remote.HttpCommandExecutor.execute(HttpCommandExecutor.java:152)
	at org.openqa.selenium.remote.service.DriverCommandExecutor.invokeExecute(DriverCommandExecutor.java:196)
	at org.openqa.selenium.remote.service.DriverCommandExecutor.execute(DriverCommandExecutor.java:171)
	at org.openqa.selenium.remote.RemoteWebDriver.execute(RemoteWebDriver.java:531)
	at org.openqa.selenium.remote.RemoteWebDriver.execute(RemoteWebDriver.java:590)
	at org.openqa.selenium.remote.RemoteWebDriver.execute(RemoteWebDriver.java:594)
	at org.openqa.selenium.remote.RemoteWebDriver.getScreenshotAs(RemoteWebDriver.java:316)
	at StepDefinition.Hooks.takeScreenshot(Hooks.java:40)
</textarea>
      
      </div>
                  </div>
              </div>
            </div>
        </div>
  </div>
  <div class="card">
    <div class="card-header" role="tab">
      <div class="card-title">
        <div class="node" id="46"><span class="badge log fail-bg mr-2">Fail</span>User verifies the Due date is correct after the approval of the GNFR invoice with <term></div>
      </div>
    </div>
        <div class="scenario_outline ">
            <div class="card-body l1">
              <div class="card-header">
                <div class="card-title outline-child">
                  <div class="node" id="47"><span class="badge log fail-bg mr-2">Fail</span>User verifies the Due date is correct after the approval of the GNFR invoice with X term</div>
                </div>
              </div>
              <div class="card-body mt-3 ">
                  <div class="step fail-bg">
                    <span>Given User is in the Netsuite HomePage</span>
      <div>
        <textarea disabled class="code-block">junit.framework.AssertionFailedError: Element not found
	at junit.framework.Assert.fail(Assert.java:57)
	at Generic.genericFunction.clickOnElement(genericFunction.java:265)
	at StepDefinition.AutoGenerationSupplierNumber.user_is_in_the_netsuite_home_page(AutoGenerationSupplierNumber.java:105)
	at ?.User is in the Netsuite HomePage(file:///C:/Users/902303/eclipse-workspace/FinanceAutomation/src/main/resources/featurefile/DueDates.feature:31)
</textarea>
      
      </div>
                  </div>
                  <div class="step skip-bg">
                    <span>When User opens the "GNFR invoice" record</span>
      <div>Step skipped
      </div>
                  </div>
                  <div class="step skip-bg">
                    <span>And User approves the invoice</span>
      <div>Step skipped
      </div>
                  </div>
                  <div class="step skip-bg">
                    <span>And User gets the Term details from the vendor record</span>
      <div>Step skipped
      </div>
                  </div>
                  <div class="step skip-bg">
                    <span>And User navigates back to the transaction record</span>
      <div>Step skipped
      </div>
                  </div>
                  <div class="step skip-bg">
                    <span>And User calculates due date from the supplier invoice date</span>
      <div>Step skipped
      </div>
                  </div>
                  <div class="step skip-bg">
                    <span>Then User verifies the due date is calculated correctly based on the terms mentioned in vendor record for approved bills</span>
      <div>Step skipped
      </div>
                  </div>
                  <div class="step fail-bg">
                    <span>StepDefinition.Hooks.takeScreenshot(io.cucumber.java.Scenario)</span>
      <div>
        <textarea disabled class="code-block">org.openqa.selenium.NoSuchSessionException: Session ID is null. Using WebDriver after calling quit()?
Build info: version: '4.10.0', revision: 'c14d967899'
System info: os.name: 'Windows 10', os.arch: 'amd64', os.version: '10.0', java.version: '17.0.1'
Driver info: org.openqa.selenium.chrome.ChromeDriver
Command: [null, screenshot {}]
Capabilities {acceptInsecureCerts: false, browserName: chrome, browserVersion: 117.0.5938.63, chrome: {chromedriverVersion: 117.0.5938.149 (e3344ddefa1..., userDataDir: C:\WINDOWS\SystemTemp\scope...}, fedcm:accounts: true, goog:chromeOptions: {debuggerAddress: localhost:54236}, networkConnectionEnabled: false, pageLoadStrategy: normal, platformName: windows, proxy: Proxy(), se:cdp: ws://localhost:54236/devtoo..., se:cdpVersion: 117.0.5938.63, setWindowRect: true, strictFileInteractability: false, timeouts: {implicit: 0, pageLoad: 300000, script: 30000}, unhandledPromptBehavior: dismiss and notify, webauthn:extension:credBlob: true, webauthn:extension:largeBlob: true, webauthn:extension:minPinLength: true, webauthn:extension:prf: true, webauthn:virtualAuthenticators: true}
	at org.openqa.selenium.remote.HttpCommandExecutor.execute(HttpCommandExecutor.java:152)
	at org.openqa.selenium.remote.service.DriverCommandExecutor.invokeExecute(DriverCommandExecutor.java:196)
	at org.openqa.selenium.remote.service.DriverCommandExecutor.execute(DriverCommandExecutor.java:171)
	at org.openqa.selenium.remote.RemoteWebDriver.execute(RemoteWebDriver.java:531)
	at org.openqa.selenium.remote.RemoteWebDriver.execute(RemoteWebDriver.java:590)
	at org.openqa.selenium.remote.RemoteWebDriver.execute(RemoteWebDriver.java:594)
	at org.openqa.selenium.remote.RemoteWebDriver.getScreenshotAs(RemoteWebDriver.java:316)
	at StepDefinition.Hooks.takeScreenshot(Hooks.java:40)
</textarea>
      
      </div>
                  </div>
              </div>
            </div>
        </div>
  </div>
</div>
          </div>
        </li>
        <li class="test-item"  status="fail" test-id="57"
          author=""
          tag=""
          device="">
          <div class="test-detail">
            <p class="name">Vision Installer Vendor Bills</p>
            <p class="text-sm">
              <span>12:56:10 pm</span> / <span>00:00:03:012</span>
              <span class="badge fail-bg log float-right">Fail</span>
            </p>
          </div>
          <div class="test-contents d-none">
<div class="detail-head">
<div class="p-v-10">
<div class="info">
<h5 class="test-status text-fail">Vision Installer Vendor Bills</h5>
<span class='badge badge-success'>12.12.2023 12:56:10 pm</span>
<span class='badge badge-danger'>12.12.2023 12:56:13 pm</span>
<span class='badge badge-default'>00:00:03:012</span>
&middot; <span class='uri-anchor badge badge-default'>#test-id=57</span>
<span class='badge badge-default pointer float-right ml-1 et'><i class="fa fa-chevron-down"></i></span>
<span class='badge badge-default pointer float-right ct'><i class="fa fa-chevron-up"></i></span>
</div>
<div class="m-t-10 m-l-5"></div>
</div>
</div>
<div class="accordion mt-4">
  <div class="card">
    <div class="card-header" role="tab">
      <div class="card-title">
        <div class="node" id="58"><span class="badge log fail-bg mr-2">Fail</span>User verifies the vendor bill is created in Netsuite for the installation payment made in vision for the installer with CIS level G</div>
      </div>
    </div>
        <div class="">
          <div class="card-body">
              <div class="step fail-bg" title="StepDefinition.AutoGenerationSupplierNumber.user_is_in_the_netsuite_home_page()">
                <span>Given User is in the Netsuite HomePage</span>
      <div>
        <textarea disabled class="code-block">junit.framework.AssertionFailedError: Element not found
	at junit.framework.Assert.fail(Assert.java:57)
	at Generic.genericFunction.clickOnElement(genericFunction.java:265)
	at StepDefinition.AutoGenerationSupplierNumber.user_is_in_the_netsuite_home_page(AutoGenerationSupplierNumber.java:105)
	at ?.User is in the Netsuite HomePage(file:///C:/Users/902303/eclipse-workspace/FinanceAutomation/src/main/resources/featurefile/InstallerVendorBill.feature:5)
</textarea>
      
      </div>
              </div>
              <div class="step skip-bg" title="StepDefinition.InstallerVendorBill.user_searches_the_vendor_bill_using_saved_search()">
                <span>When User searches the vendor bill using saved search</span>
      <div>Step skipped
      </div>
              </div>
              <div class="step skip-bg" title="StepDefinition.InstallerVendorBill.user_opens_the_installer_vendor_bill()">
                <span>And User opens the Installer vendor bill</span>
      <div>Step skipped
      </div>
              </div>
              <div class="step skip-bg" title="StepDefinition.InstallerVendorBill.user_verifies_the_header_level_information_are_populated_correctly()">
                <span>Then User verifies the header level information are populated correctly</span>
      <div>Step skipped
      </div>
              </div>
              <div class="step skip-bg" title="StepDefinition.InstallerVendorBill.user_verifies_the_amounts_are_calculated_correctly_in_expense_and_items_subtab_for_the_installation_only_transaction()">
                <span>And User verifies the amounts are calculated correctly in Expense and Items subtab for the installation only transaction</span>
      <div>Step skipped
      </div>
              </div>
              <div class="step fail-bg" title="AFTER">
                <span>StepDefinition.Hooks.takeScreenshot(io.cucumber.java.Scenario)</span>
      <div>
        <textarea disabled class="code-block">org.openqa.selenium.NoSuchSessionException: Session ID is null. Using WebDriver after calling quit()?
Build info: version: '4.10.0', revision: 'c14d967899'
System info: os.name: 'Windows 10', os.arch: 'amd64', os.version: '10.0', java.version: '17.0.1'
Driver info: org.openqa.selenium.chrome.ChromeDriver
Command: [null, screenshot {}]
Capabilities {acceptInsecureCerts: false, browserName: chrome, browserVersion: 117.0.5938.63, chrome: {chromedriverVersion: 117.0.5938.149 (e3344ddefa1..., userDataDir: C:\WINDOWS\SystemTemp\scope...}, fedcm:accounts: true, goog:chromeOptions: {debuggerAddress: localhost:54236}, networkConnectionEnabled: false, pageLoadStrategy: normal, platformName: windows, proxy: Proxy(), se:cdp: ws://localhost:54236/devtoo..., se:cdpVersion: 117.0.5938.63, setWindowRect: true, strictFileInteractability: false, timeouts: {implicit: 0, pageLoad: 300000, script: 30000}, unhandledPromptBehavior: dismiss and notify, webauthn:extension:credBlob: true, webauthn:extension:largeBlob: true, webauthn:extension:minPinLength: true, webauthn:extension:prf: true, webauthn:virtualAuthenticators: true}
	at org.openqa.selenium.remote.HttpCommandExecutor.execute(HttpCommandExecutor.java:152)
	at org.openqa.selenium.remote.service.DriverCommandExecutor.invokeExecute(DriverCommandExecutor.java:196)
	at org.openqa.selenium.remote.service.DriverCommandExecutor.execute(DriverCommandExecutor.java:171)
	at org.openqa.selenium.remote.RemoteWebDriver.execute(RemoteWebDriver.java:531)
	at org.openqa.selenium.remote.RemoteWebDriver.execute(RemoteWebDriver.java:590)
	at org.openqa.selenium.remote.RemoteWebDriver.execute(RemoteWebDriver.java:594)
	at org.openqa.selenium.remote.RemoteWebDriver.getScreenshotAs(RemoteWebDriver.java:316)
	at StepDefinition.Hooks.takeScreenshot(Hooks.java:40)
</textarea>
      
      </div>
              </div>
          </div>
        </div>
  </div>
  <div class="card">
    <div class="card-header" role="tab">
      <div class="card-title">
        <div class="node" id="66"><span class="badge log fail-bg mr-2">Fail</span>User verifies the GL Impact details of the installer vendor bill for the installation only transaction with CIS level G</div>
      </div>
    </div>
        <div class="">
          <div class="card-body">
              <div class="step pass-bg" title="StepDefinition.InstallerVendorBill.user_is_in_the_installer_vendor_bill_page()">
                <span>Given User is in the Installer vendor Bill Page</span>
      <div>
      </div>
              </div>
              <div class="step fail-bg" title="StepDefinition.Cost_GroupAndBusiness_Function.user_views_the_GL_Impact_subtab()">
                <span>When User navigates to the GL Impact subtab</span>
      <div>
        <textarea disabled class="code-block">junit.framework.AssertionFailedError: Element not found
	at junit.framework.Assert.fail(Assert.java:57)
	at Generic.genericFunction.clickOnElement(genericFunction.java:265)
	at StepDefinition.Cost_GroupAndBusiness_Function.user_views_the_GL_Impact_subtab(Cost_GroupAndBusiness_Function.java:126)
	at ?.User navigates to the GL Impact subtab(file:///C:/Users/902303/eclipse-workspace/FinanceAutomation/src/main/resources/featurefile/InstallerVendorBill.feature:14)
</textarea>
      
      </div>
              </div>
              <div class="step skip-bg" title="StepDefinition.InstallerVendorBill.user_verifies_the_amounts_are_posted_to_the_correct_cost_accounts_for_the_installation_only_transaction()">
                <span>Then User verifies the amounts are posted to the correct cost accounts in GL Impact for the Installation only transaction</span>
      <div>Step skipped
      </div>
              </div>
              <div class="step fail-bg" title="AFTER">
                <span>StepDefinition.Hooks.takeScreenshot(io.cucumber.java.Scenario)</span>
      <div>
        <textarea disabled class="code-block">org.openqa.selenium.NoSuchSessionException: Session ID is null. Using WebDriver after calling quit()?
Build info: version: '4.10.0', revision: 'c14d967899'
System info: os.name: 'Windows 10', os.arch: 'amd64', os.version: '10.0', java.version: '17.0.1'
Driver info: org.openqa.selenium.chrome.ChromeDriver
Command: [null, screenshot {}]
Capabilities {acceptInsecureCerts: false, browserName: chrome, browserVersion: 117.0.5938.63, chrome: {chromedriverVersion: 117.0.5938.149 (e3344ddefa1..., userDataDir: C:\WINDOWS\SystemTemp\scope...}, fedcm:accounts: true, goog:chromeOptions: {debuggerAddress: localhost:54236}, networkConnectionEnabled: false, pageLoadStrategy: normal, platformName: windows, proxy: Proxy(), se:cdp: ws://localhost:54236/devtoo..., se:cdpVersion: 117.0.5938.63, setWindowRect: true, strictFileInteractability: false, timeouts: {implicit: 0, pageLoad: 300000, script: 30000}, unhandledPromptBehavior: dismiss and notify, webauthn:extension:credBlob: true, webauthn:extension:largeBlob: true, webauthn:extension:minPinLength: true, webauthn:extension:prf: true, webauthn:virtualAuthenticators: true}
	at org.openqa.selenium.remote.HttpCommandExecutor.execute(HttpCommandExecutor.java:152)
	at org.openqa.selenium.remote.service.DriverCommandExecutor.invokeExecute(DriverCommandExecutor.java:196)
	at org.openqa.selenium.remote.service.DriverCommandExecutor.execute(DriverCommandExecutor.java:171)
	at org.openqa.selenium.remote.RemoteWebDriver.execute(RemoteWebDriver.java:531)
	at org.openqa.selenium.remote.RemoteWebDriver.execute(RemoteWebDriver.java:590)
	at org.openqa.selenium.remote.RemoteWebDriver.execute(RemoteWebDriver.java:594)
	at org.openqa.selenium.remote.RemoteWebDriver.getScreenshotAs(RemoteWebDriver.java:316)
	at StepDefinition.Hooks.takeScreenshot(Hooks.java:40)
</textarea>
      
      </div>
              </div>
          </div>
        </div>
  </div>
  <div class="card">
    <div class="card-header" role="tab">
      <div class="card-title">
        <div class="node" id="72"><span class="badge log fail-bg mr-2">Fail</span>User verifies the vendor bill is created in Netsuite for the installation payment made in vision for the installer with CIS level S</div>
      </div>
    </div>
        <div class="">
          <div class="card-body">
              <div class="step fail-bg" title="StepDefinition.AutoGenerationSupplierNumber.user_is_in_the_netsuite_home_page()">
                <span>Given User is in the Netsuite HomePage</span>
      <div>
        <textarea disabled class="code-block">junit.framework.AssertionFailedError: Element not found
	at junit.framework.Assert.fail(Assert.java:57)
	at Generic.genericFunction.clickOnElement(genericFunction.java:265)
	at StepDefinition.AutoGenerationSupplierNumber.user_is_in_the_netsuite_home_page(AutoGenerationSupplierNumber.java:105)
	at ?.User is in the Netsuite HomePage(file:///C:/Users/902303/eclipse-workspace/FinanceAutomation/src/main/resources/featurefile/InstallerVendorBill.feature:19)
</textarea>
      
      </div>
              </div>
              <div class="step skip-bg" title="StepDefinition.InstallerVendorBill.user_searches_the_vendor_bill_using_saved_search()">
                <span>When User searches the vendor bill using saved search</span>
      <div>Step skipped
      </div>
              </div>
              <div class="step skip-bg" title="StepDefinition.InstallerVendorBill.user_opens_the_installer_vendor_bill()">
                <span>And User opens the Installer vendor bill</span>
      <div>Step skipped
      </div>
              </div>
              <div class="step skip-bg" title="StepDefinition.InstallerVendorBill.user_verifies_the_header_level_information_are_populated_correctly()">
                <span>Then User verifies the header level information are populated correctly</span>
      <div>Step skipped
      </div>
              </div>
              <div class="step skip-bg" title="StepDefinition.InstallerVendorBill.user_verifies_the_amounts_are_calculated_correctly_in_expense_and_items_subtab_for_the_installation_only_transaction()">
                <span>And User verifies the amounts are calculated correctly in Expense and Items subtab for the installation only transaction</span>
      <div>Step skipped
      </div>
              </div>
              <div class="step fail-bg" title="AFTER">
                <span>StepDefinition.Hooks.takeScreenshot(io.cucumber.java.Scenario)</span>
      <div>
        <textarea disabled class="code-block">org.openqa.selenium.NoSuchSessionException: Session ID is null. Using WebDriver after calling quit()?
Build info: version: '4.10.0', revision: 'c14d967899'
System info: os.name: 'Windows 10', os.arch: 'amd64', os.version: '10.0', java.version: '17.0.1'
Driver info: org.openqa.selenium.chrome.ChromeDriver
Command: [null, screenshot {}]
Capabilities {acceptInsecureCerts: false, browserName: chrome, browserVersion: 117.0.5938.63, chrome: {chromedriverVersion: 117.0.5938.149 (e3344ddefa1..., userDataDir: C:\WINDOWS\SystemTemp\scope...}, fedcm:accounts: true, goog:chromeOptions: {debuggerAddress: localhost:54236}, networkConnectionEnabled: false, pageLoadStrategy: normal, platformName: windows, proxy: Proxy(), se:cdp: ws://localhost:54236/devtoo..., se:cdpVersion: 117.0.5938.63, setWindowRect: true, strictFileInteractability: false, timeouts: {implicit: 0, pageLoad: 300000, script: 30000}, unhandledPromptBehavior: dismiss and notify, webauthn:extension:credBlob: true, webauthn:extension:largeBlob: true, webauthn:extension:minPinLength: true, webauthn:extension:prf: true, webauthn:virtualAuthenticators: true}
	at org.openqa.selenium.remote.HttpCommandExecutor.execute(HttpCommandExecutor.java:152)
	at org.openqa.selenium.remote.service.DriverCommandExecutor.invokeExecute(DriverCommandExecutor.java:196)
	at org.openqa.selenium.remote.service.DriverCommandExecutor.execute(DriverCommandExecutor.java:171)
	at org.openqa.selenium.remote.RemoteWebDriver.execute(RemoteWebDriver.java:531)
	at org.openqa.selenium.remote.RemoteWebDriver.execute(RemoteWebDriver.java:590)
	at org.openqa.selenium.remote.RemoteWebDriver.execute(RemoteWebDriver.java:594)
	at org.openqa.selenium.remote.RemoteWebDriver.getScreenshotAs(RemoteWebDriver.java:316)
	at StepDefinition.Hooks.takeScreenshot(Hooks.java:40)
</textarea>
      
      </div>
              </div>
          </div>
        </div>
  </div>
  <div class="card">
    <div class="card-header" role="tab">
      <div class="card-title">
        <div class="node" id="80"><span class="badge log fail-bg mr-2">Fail</span>User verifies the GL Impact details of the installer vendor bill for the installation only transaction with CIS level S</div>
      </div>
    </div>
        <div class="">
          <div class="card-body">
              <div class="step pass-bg" title="StepDefinition.InstallerVendorBill.user_is_in_the_installer_vendor_bill_page()">
                <span>Given User is in the Installer vendor Bill Page</span>
      <div>
      </div>
              </div>
              <div class="step fail-bg" title="StepDefinition.Cost_GroupAndBusiness_Function.user_views_the_GL_Impact_subtab()">
                <span>When User navigates to the GL Impact subtab</span>
      <div>
        <textarea disabled class="code-block">junit.framework.AssertionFailedError: Element not found
	at junit.framework.Assert.fail(Assert.java:57)
	at Generic.genericFunction.clickOnElement(genericFunction.java:265)
	at StepDefinition.Cost_GroupAndBusiness_Function.user_views_the_GL_Impact_subtab(Cost_GroupAndBusiness_Function.java:126)
	at ?.User navigates to the GL Impact subtab(file:///C:/Users/902303/eclipse-workspace/FinanceAutomation/src/main/resources/featurefile/InstallerVendorBill.feature:28)
</textarea>
      
      </div>
              </div>
              <div class="step skip-bg" title="StepDefinition.InstallerVendorBill.user_verifies_the_amounts_are_posted_to_the_correct_cost_accounts_for_the_installation_only_transaction()">
                <span>Then User verifies the amounts are posted to the correct cost accounts in GL Impact for the Installation only transaction</span>
      <div>Step skipped
      </div>
              </div>
              <div class="step fail-bg" title="AFTER">
                <span>StepDefinition.Hooks.takeScreenshot(io.cucumber.java.Scenario)</span>
      <div>
        <textarea disabled class="code-block">org.openqa.selenium.NoSuchSessionException: Session ID is null. Using WebDriver after calling quit()?
Build info: version: '4.10.0', revision: 'c14d967899'
System info: os.name: 'Windows 10', os.arch: 'amd64', os.version: '10.0', java.version: '17.0.1'
Driver info: org.openqa.selenium.chrome.ChromeDriver
Command: [null, screenshot {}]
Capabilities {acceptInsecureCerts: false, browserName: chrome, browserVersion: 117.0.5938.63, chrome: {chromedriverVersion: 117.0.5938.149 (e3344ddefa1..., userDataDir: C:\WINDOWS\SystemTemp\scope...}, fedcm:accounts: true, goog:chromeOptions: {debuggerAddress: localhost:54236}, networkConnectionEnabled: false, pageLoadStrategy: normal, platformName: windows, proxy: Proxy(), se:cdp: ws://localhost:54236/devtoo..., se:cdpVersion: 117.0.5938.63, setWindowRect: true, strictFileInteractability: false, timeouts: {implicit: 0, pageLoad: 300000, script: 30000}, unhandledPromptBehavior: dismiss and notify, webauthn:extension:credBlob: true, webauthn:extension:largeBlob: true, webauthn:extension:minPinLength: true, webauthn:extension:prf: true, webauthn:virtualAuthenticators: true}
	at org.openqa.selenium.remote.HttpCommandExecutor.execute(HttpCommandExecutor.java:152)
	at org.openqa.selenium.remote.service.DriverCommandExecutor.invokeExecute(DriverCommandExecutor.java:196)
	at org.openqa.selenium.remote.service.DriverCommandExecutor.execute(DriverCommandExecutor.java:171)
	at org.openqa.selenium.remote.RemoteWebDriver.execute(RemoteWebDriver.java:531)
	at org.openqa.selenium.remote.RemoteWebDriver.execute(RemoteWebDriver.java:590)
	at org.openqa.selenium.remote.RemoteWebDriver.execute(RemoteWebDriver.java:594)
	at org.openqa.selenium.remote.RemoteWebDriver.getScreenshotAs(RemoteWebDriver.java:316)
	at StepDefinition.Hooks.takeScreenshot(Hooks.java:40)
</textarea>
      
      </div>
              </div>
          </div>
        </div>
  </div>
</div>
          </div>
        </li>
        <li class="test-item"  status="fail" test-id="86"
          author=""
          tag=""
          device="">
          <div class="test-detail">
            <p class="name">Readsoft Integration</p>
            <p class="text-sm">
              <span>12:56:13 pm</span> / <span>00:00:01:022</span>
              <span class="badge fail-bg log float-right">Fail</span>
            </p>
          </div>
          <div class="test-contents d-none">
<div class="detail-head">
<div class="p-v-10">
<div class="info">
<h5 class="test-status text-fail">Readsoft Integration</h5>
<span class='badge badge-success'>12.12.2023 12:56:13 pm</span>
<span class='badge badge-danger'>12.12.2023 12:56:14 pm</span>
<span class='badge badge-default'>00:00:01:022</span>
&middot; <span class='uri-anchor badge badge-default'>#test-id=86</span>
<span class='badge badge-default pointer float-right ml-1 et'><i class="fa fa-chevron-down"></i></span>
<span class='badge badge-default pointer float-right ct'><i class="fa fa-chevron-up"></i></span>
</div>
<div class="m-t-10 m-l-5"></div>
</div>
</div>
<div class="accordion mt-4">
  <div class="card">
    <div class="card-header" role="tab">
      <div class="card-title">
        <div class="node" id="87"><span class="badge log fail-bg mr-2">Fail</span>User creates the GFR invoice</div>
      </div>
    </div>
        <div class="">
          <div class="card-body">
              <div class="step fail-bg" title="StepDefinition.ReadsoftToNetsuite.user_logs_into_readsoft()">
                <span>Given User is logged into the Readsoft Application with AP Manager role</span>
      <div>
        <textarea disabled class="code-block">org.openqa.selenium.NoSuchSessionException: Session ID is null. Using WebDriver after calling quit()?
Build info: version: '4.10.0', revision: 'c14d967899'
System info: os.name: 'Windows 10', os.arch: 'amd64', os.version: '10.0', java.version: '17.0.1'
Driver info: org.openqa.selenium.chrome.ChromeDriver
Command: [null, getWindowHandles {}]
Capabilities {acceptInsecureCerts: false, browserName: chrome, browserVersion: 117.0.5938.63, chrome: {chromedriverVersion: 117.0.5938.149 (e3344ddefa1..., userDataDir: C:\WINDOWS\SystemTemp\scope...}, fedcm:accounts: true, goog:chromeOptions: {debuggerAddress: localhost:54236}, networkConnectionEnabled: false, pageLoadStrategy: normal, platformName: windows, proxy: Proxy(), se:cdp: ws://localhost:54236/devtoo..., se:cdpVersion: 117.0.5938.63, setWindowRect: true, strictFileInteractability: false, timeouts: {implicit: 0, pageLoad: 300000, script: 30000}, unhandledPromptBehavior: dismiss and notify, webauthn:extension:credBlob: true, webauthn:extension:largeBlob: true, webauthn:extension:minPinLength: true, webauthn:extension:prf: true, webauthn:virtualAuthenticators: true}
	at org.openqa.selenium.remote.HttpCommandExecutor.execute(HttpCommandExecutor.java:152)
	at org.openqa.selenium.remote.service.DriverCommandExecutor.invokeExecute(DriverCommandExecutor.java:196)
	at org.openqa.selenium.remote.service.DriverCommandExecutor.execute(DriverCommandExecutor.java:171)
	at org.openqa.selenium.remote.RemoteWebDriver.execute(RemoteWebDriver.java:531)
	at org.openqa.selenium.remote.RemoteWebDriver.execute(RemoteWebDriver.java:590)
	at org.openqa.selenium.remote.RemoteWebDriver.execute(RemoteWebDriver.java:594)
	at org.openqa.selenium.remote.RemoteWebDriver.getWindowHandles(RemoteWebDriver.java:455)
	at StepDefinition.ReadsoftToNetsuite.switchWindow(ReadsoftToNetsuite.java:619)
	at StepDefinition.ReadsoftToNetsuite.user_logs_into_readsoft(ReadsoftToNetsuite.java:40)
	at ?.User is logged into the Readsoft Application with AP Manager role(file:///C:/Users/902303/eclipse-workspace/FinanceAutomation/src/main/resources/featurefile/ReadsoftIntegration.feature:5)
</textarea>
      
      </div>
              </div>
              <div class="step skip-bg" title="StepDefinition.ReadsoftToNetsuite.user_creates_the(java.lang.String)">
                <span>When User creates the "GFR invoice"</span>
      <div>Step skipped
      </div>
              </div>
              <div class="step skip-bg" title="StepDefinition.ReadsoftToNetsuite.user_logs_into_netsuite()">
                <span>When User logs into Netsuite Application</span>
      <div>Step skipped
      </div>
              </div>
              <div class="step skip-bg" title="StepDefinition.ReadsoftToNetsuite.user_opens_the_transaction(java.lang.String)">
                <span>Then User verifies the newly created "GFR invoice" is present in Netsuite</span>
      <div>Step skipped
      </div>
              </div>
              <div class="step fail-bg" title="AFTER">
                <span>StepDefinition.Hooks.takeScreenshot(io.cucumber.java.Scenario)</span>
      <div>
        <textarea disabled class="code-block">org.openqa.selenium.NoSuchSessionException: Session ID is null. Using WebDriver after calling quit()?
Build info: version: '4.10.0', revision: 'c14d967899'
System info: os.name: 'Windows 10', os.arch: 'amd64', os.version: '10.0', java.version: '17.0.1'
Driver info: org.openqa.selenium.chrome.ChromeDriver
Command: [null, screenshot {}]
Capabilities {acceptInsecureCerts: false, browserName: chrome, browserVersion: 117.0.5938.63, chrome: {chromedriverVersion: 117.0.5938.149 (e3344ddefa1..., userDataDir: C:\WINDOWS\SystemTemp\scope...}, fedcm:accounts: true, goog:chromeOptions: {debuggerAddress: localhost:54236}, networkConnectionEnabled: false, pageLoadStrategy: normal, platformName: windows, proxy: Proxy(), se:cdp: ws://localhost:54236/devtoo..., se:cdpVersion: 117.0.5938.63, setWindowRect: true, strictFileInteractability: false, timeouts: {implicit: 0, pageLoad: 300000, script: 30000}, unhandledPromptBehavior: dismiss and notify, webauthn:extension:credBlob: true, webauthn:extension:largeBlob: true, webauthn:extension:minPinLength: true, webauthn:extension:prf: true, webauthn:virtualAuthenticators: true}
	at org.openqa.selenium.remote.HttpCommandExecutor.execute(HttpCommandExecutor.java:152)
	at org.openqa.selenium.remote.service.DriverCommandExecutor.invokeExecute(DriverCommandExecutor.java:196)
	at org.openqa.selenium.remote.service.DriverCommandExecutor.execute(DriverCommandExecutor.java:171)
	at org.openqa.selenium.remote.RemoteWebDriver.execute(RemoteWebDriver.java:531)
	at org.openqa.selenium.remote.RemoteWebDriver.execute(RemoteWebDriver.java:590)
	at org.openqa.selenium.remote.RemoteWebDriver.execute(RemoteWebDriver.java:594)
	at org.openqa.selenium.remote.RemoteWebDriver.getScreenshotAs(RemoteWebDriver.java:316)
	at StepDefinition.Hooks.takeScreenshot(Hooks.java:40)
</textarea>
      
      </div>
              </div>
          </div>
        </div>
  </div>
  <div class="card">
    <div class="card-header" role="tab">
      <div class="card-title">
        <div class="node" id="94"><span class="badge log fail-bg mr-2">Fail</span>User verifies AP coding script replaces the item with default item for the GFR invoice created via Readsoft</div>
      </div>
    </div>
        <div class="">
          <div class="card-body">
              <div class="step pass-bg" title="StepDefinition.ReadsoftToNetsuite.user_is_in_the_gfr_invoice_record()">
                <span>Given User is in the GFR invoice record</span>
      <div>
      </div>
              </div>
              <div class="step fail-bg" title="StepDefinition.ReadsoftToNetsuite.user_gets_the_default_item_from_the_supplier_record()">
                <span>When User gets the default item from the supplier record</span>
      <div>
        <textarea disabled class="code-block">junit.framework.AssertionFailedError: Element not found
	at junit.framework.Assert.fail(Assert.java:57)
	at Generic.genericFunction.clickOnElement(genericFunction.java:265)
	at StepDefinition.ReadsoftToNetsuite.getDefaultItem(ReadsoftToNetsuite.java:636)
	at StepDefinition.ReadsoftToNetsuite.user_gets_the_default_item_from_the_supplier_record(ReadsoftToNetsuite.java:370)
	at ?.User gets the default item from the supplier record(file:///C:/Users/902303/eclipse-workspace/FinanceAutomation/src/main/resources/featurefile/ReadsoftIntegration.feature:13)
</textarea>
      
      </div>
              </div>
              <div class="step skip-bg" title="StepDefinition.ReadsoftToNetsuite.user_navigates_to_the_system_information_subtab()">
                <span>And User navigates to the system information subtab</span>
      <div>Step skipped
      </div>
              </div>
              <div class="step skip-bg" title="StepDefinition.ReadsoftToNetsuite.user_verifies_the_item_replacement_is_triggered()">
                <span>Then User verifies the item replacement is triggered</span>
      <div>Step skipped
      </div>
              </div>
              <div class="step skip-bg" title="StepDefinition.ReadsoftToNetsuite.user_verifies_the_item_is_repalaced_by_the_default_item_in_the_expenses_and_items_subtab()">
                <span>And User verifies the item is replaced by the default item in the expenses and items subtab</span>
      <div>Step skipped
      </div>
              </div>
              <div class="step fail-bg" title="AFTER">
                <span>StepDefinition.Hooks.takeScreenshot(io.cucumber.java.Scenario)</span>
      <div>
        <textarea disabled class="code-block">org.openqa.selenium.NoSuchSessionException: Session ID is null. Using WebDriver after calling quit()?
Build info: version: '4.10.0', revision: 'c14d967899'
System info: os.name: 'Windows 10', os.arch: 'amd64', os.version: '10.0', java.version: '17.0.1'
Driver info: org.openqa.selenium.chrome.ChromeDriver
Command: [null, screenshot {}]
Capabilities {acceptInsecureCerts: false, browserName: chrome, browserVersion: 117.0.5938.63, chrome: {chromedriverVersion: 117.0.5938.149 (e3344ddefa1..., userDataDir: C:\WINDOWS\SystemTemp\scope...}, fedcm:accounts: true, goog:chromeOptions: {debuggerAddress: localhost:54236}, networkConnectionEnabled: false, pageLoadStrategy: normal, platformName: windows, proxy: Proxy(), se:cdp: ws://localhost:54236/devtoo..., se:cdpVersion: 117.0.5938.63, setWindowRect: true, strictFileInteractability: false, timeouts: {implicit: 0, pageLoad: 300000, script: 30000}, unhandledPromptBehavior: dismiss and notify, webauthn:extension:credBlob: true, webauthn:extension:largeBlob: true, webauthn:extension:minPinLength: true, webauthn:extension:prf: true, webauthn:virtualAuthenticators: true}
	at org.openqa.selenium.remote.HttpCommandExecutor.execute(HttpCommandExecutor.java:152)
	at org.openqa.selenium.remote.service.DriverCommandExecutor.invokeExecute(DriverCommandExecutor.java:196)
	at org.openqa.selenium.remote.service.DriverCommandExecutor.execute(DriverCommandExecutor.java:171)
	at org.openqa.selenium.remote.RemoteWebDriver.execute(RemoteWebDriver.java:531)
	at org.openqa.selenium.remote.RemoteWebDriver.execute(RemoteWebDriver.java:590)
	at org.openqa.selenium.remote.RemoteWebDriver.execute(RemoteWebDriver.java:594)
	at org.openqa.selenium.remote.RemoteWebDriver.getScreenshotAs(RemoteWebDriver.java:316)
	at StepDefinition.Hooks.takeScreenshot(Hooks.java:40)
</textarea>
      
      </div>
              </div>
          </div>
        </div>
  </div>
  <div class="card">
    <div class="card-header" role="tab">
      <div class="card-title">
        <div class="node" id="102"><span class="badge log fail-bg mr-2">Fail</span>User creates the GFR credit</div>
      </div>
    </div>
        <div class="">
          <div class="card-body">
              <div class="step fail-bg" title="StepDefinition.ReadsoftToNetsuite.user_is_in_the_readsoft_home_page()">
                <span>Given User is in the readsoft HomePage</span>
      <div>
        <textarea disabled class="code-block">org.openqa.selenium.NoSuchSessionException: Session ID is null. Using WebDriver after calling quit()?
Build info: version: '4.10.0', revision: 'c14d967899'
System info: os.name: 'Windows 10', os.arch: 'amd64', os.version: '10.0', java.version: '17.0.1'
Driver info: org.openqa.selenium.chrome.ChromeDriver
Command: [null, getWindowHandles {}]
Capabilities {acceptInsecureCerts: false, browserName: chrome, browserVersion: 117.0.5938.63, chrome: {chromedriverVersion: 117.0.5938.149 (e3344ddefa1..., userDataDir: C:\WINDOWS\SystemTemp\scope...}, fedcm:accounts: true, goog:chromeOptions: {debuggerAddress: localhost:54236}, networkConnectionEnabled: false, pageLoadStrategy: normal, platformName: windows, proxy: Proxy(), se:cdp: ws://localhost:54236/devtoo..., se:cdpVersion: 117.0.5938.63, setWindowRect: true, strictFileInteractability: false, timeouts: {implicit: 0, pageLoad: 300000, script: 30000}, unhandledPromptBehavior: dismiss and notify, webauthn:extension:credBlob: true, webauthn:extension:largeBlob: true, webauthn:extension:minPinLength: true, webauthn:extension:prf: true, webauthn:virtualAuthenticators: true}
	at org.openqa.selenium.remote.HttpCommandExecutor.execute(HttpCommandExecutor.java:152)
	at org.openqa.selenium.remote.service.DriverCommandExecutor.invokeExecute(DriverCommandExecutor.java:196)
	at org.openqa.selenium.remote.service.DriverCommandExecutor.execute(DriverCommandExecutor.java:171)
	at org.openqa.selenium.remote.RemoteWebDriver.execute(RemoteWebDriver.java:531)
	at org.openqa.selenium.remote.RemoteWebDriver.execute(RemoteWebDriver.java:590)
	at org.openqa.selenium.remote.RemoteWebDriver.execute(RemoteWebDriver.java:594)
	at org.openqa.selenium.remote.RemoteWebDriver.getWindowHandles(RemoteWebDriver.java:455)
	at StepDefinition.ReadsoftToNetsuite.switchWindow(ReadsoftToNetsuite.java:619)
	at StepDefinition.ReadsoftToNetsuite.user_is_in_the_readsoft_home_page(ReadsoftToNetsuite.java:204)
	at ?.User is in the readsoft HomePage(file:///C:/Users/902303/eclipse-workspace/FinanceAutomation/src/main/resources/featurefile/ReadsoftIntegration.feature:38)
</textarea>
      
      </div>
              </div>
              <div class="step skip-bg" title="StepDefinition.ReadsoftToNetsuite.user_creates_the(java.lang.String)">
                <span>When User creates the "GFR credit"</span>
      <div>Step skipped
      </div>
              </div>
              <div class="step skip-bg" title="StepDefinition.ReadsoftToNetsuite.user_logs_into_netsuite()">
                <span>And User logs into Netsuite Application</span>
      <div>Step skipped
      </div>
              </div>
              <div class="step skip-bg" title="StepDefinition.ReadsoftToNetsuite.user_opens_the_transaction(java.lang.String)">
                <span>Then User verifies the newly created "GFR credit" is present in Netsuite</span>
      <div>Step skipped
      </div>
              </div>
              <div class="step fail-bg" title="AFTER">
                <span>StepDefinition.Hooks.takeScreenshot(io.cucumber.java.Scenario)</span>
      <div>
        <textarea disabled class="code-block">org.openqa.selenium.NoSuchSessionException: Session ID is null. Using WebDriver after calling quit()?
Build info: version: '4.10.0', revision: 'c14d967899'
System info: os.name: 'Windows 10', os.arch: 'amd64', os.version: '10.0', java.version: '17.0.1'
Driver info: org.openqa.selenium.chrome.ChromeDriver
Command: [null, screenshot {}]
Capabilities {acceptInsecureCerts: false, browserName: chrome, browserVersion: 117.0.5938.63, chrome: {chromedriverVersion: 117.0.5938.149 (e3344ddefa1..., userDataDir: C:\WINDOWS\SystemTemp\scope...}, fedcm:accounts: true, goog:chromeOptions: {debuggerAddress: localhost:54236}, networkConnectionEnabled: false, pageLoadStrategy: normal, platformName: windows, proxy: Proxy(), se:cdp: ws://localhost:54236/devtoo..., se:cdpVersion: 117.0.5938.63, setWindowRect: true, strictFileInteractability: false, timeouts: {implicit: 0, pageLoad: 300000, script: 30000}, unhandledPromptBehavior: dismiss and notify, webauthn:extension:credBlob: true, webauthn:extension:largeBlob: true, webauthn:extension:minPinLength: true, webauthn:extension:prf: true, webauthn:virtualAuthenticators: true}
	at org.openqa.selenium.remote.HttpCommandExecutor.execute(HttpCommandExecutor.java:152)
	at org.openqa.selenium.remote.service.DriverCommandExecutor.invokeExecute(DriverCommandExecutor.java:196)
	at org.openqa.selenium.remote.service.DriverCommandExecutor.execute(DriverCommandExecutor.java:171)
	at org.openqa.selenium.remote.RemoteWebDriver.execute(RemoteWebDriver.java:531)
	at org.openqa.selenium.remote.RemoteWebDriver.execute(RemoteWebDriver.java:590)
	at org.openqa.selenium.remote.RemoteWebDriver.execute(RemoteWebDriver.java:594)
	at org.openqa.selenium.remote.RemoteWebDriver.getScreenshotAs(RemoteWebDriver.java:316)
	at StepDefinition.Hooks.takeScreenshot(Hooks.java:40)
</textarea>
      
      </div>
              </div>
          </div>
        </div>
  </div>
  <div class="card">
    <div class="card-header" role="tab">
      <div class="card-title">
        <div class="node" id="109"><span class="badge log fail-bg mr-2">Fail</span>User verifies AP coding script replaces the item with default item for the GFR credit created via Readsoft</div>
      </div>
    </div>
        <div class="">
          <div class="card-body">
              <div class="step pass-bg" title="StepDefinition.ReadsoftToNetsuite.user_is_in_the_gfr_credit_record()">
                <span>Given User is in the GFR credit record</span>
      <div>
      </div>
              </div>
              <div class="step fail-bg" title="StepDefinition.ReadsoftToNetsuite.user_gets_the_default_item_from_the_supplier_record()">
                <span>When User gets the default item from the supplier record</span>
      <div>
        <textarea disabled class="code-block">junit.framework.AssertionFailedError: Element not found
	at junit.framework.Assert.fail(Assert.java:57)
	at Generic.genericFunction.clickOnElement(genericFunction.java:265)
	at StepDefinition.ReadsoftToNetsuite.getDefaultItem(ReadsoftToNetsuite.java:636)
	at StepDefinition.ReadsoftToNetsuite.user_gets_the_default_item_from_the_supplier_record(ReadsoftToNetsuite.java:370)
	at ?.User gets the default item from the supplier record(file:///C:/Users/902303/eclipse-workspace/FinanceAutomation/src/main/resources/featurefile/ReadsoftIntegration.feature:46)
</textarea>
      
      </div>
              </div>
              <div class="step skip-bg" title="StepDefinition.ReadsoftToNetsuite.user_verifies_the_item_replacement_is_triggered()">
                <span>Then User verifies the item replacement is triggered</span>
      <div>Step skipped
      </div>
              </div>
              <div class="step skip-bg" title="StepDefinition.ReadsoftToNetsuite.user_verifies_the_item_is_repalaced_by_the_default_item_in_the_items_subtab()">
                <span>And User verifies the item is replaced by the default item in the items subtab for the credit</span>
      <div>Step skipped
      </div>
              </div>
              <div class="step fail-bg" title="AFTER">
                <span>StepDefinition.Hooks.takeScreenshot(io.cucumber.java.Scenario)</span>
      <div>
        <textarea disabled class="code-block">org.openqa.selenium.NoSuchSessionException: Session ID is null. Using WebDriver after calling quit()?
Build info: version: '4.10.0', revision: 'c14d967899'
System info: os.name: 'Windows 10', os.arch: 'amd64', os.version: '10.0', java.version: '17.0.1'
Driver info: org.openqa.selenium.chrome.ChromeDriver
Command: [null, screenshot {}]
Capabilities {acceptInsecureCerts: false, browserName: chrome, browserVersion: 117.0.5938.63, chrome: {chromedriverVersion: 117.0.5938.149 (e3344ddefa1..., userDataDir: C:\WINDOWS\SystemTemp\scope...}, fedcm:accounts: true, goog:chromeOptions: {debuggerAddress: localhost:54236}, networkConnectionEnabled: false, pageLoadStrategy: normal, platformName: windows, proxy: Proxy(), se:cdp: ws://localhost:54236/devtoo..., se:cdpVersion: 117.0.5938.63, setWindowRect: true, strictFileInteractability: false, timeouts: {implicit: 0, pageLoad: 300000, script: 30000}, unhandledPromptBehavior: dismiss and notify, webauthn:extension:credBlob: true, webauthn:extension:largeBlob: true, webauthn:extension:minPinLength: true, webauthn:extension:prf: true, webauthn:virtualAuthenticators: true}
	at org.openqa.selenium.remote.HttpCommandExecutor.execute(HttpCommandExecutor.java:152)
	at org.openqa.selenium.remote.service.DriverCommandExecutor.invokeExecute(DriverCommandExecutor.java:196)
	at org.openqa.selenium.remote.service.DriverCommandExecutor.execute(DriverCommandExecutor.java:171)
	at org.openqa.selenium.remote.RemoteWebDriver.execute(RemoteWebDriver.java:531)
	at org.openqa.selenium.remote.RemoteWebDriver.execute(RemoteWebDriver.java:590)
	at org.openqa.selenium.remote.RemoteWebDriver.execute(RemoteWebDriver.java:594)
	at org.openqa.selenium.remote.RemoteWebDriver.getScreenshotAs(RemoteWebDriver.java:316)
	at StepDefinition.Hooks.takeScreenshot(Hooks.java:40)
</textarea>
      
      </div>
              </div>
          </div>
        </div>
  </div>
</div>
          </div>
        </li>
        <li class="test-item"  status="fail" test-id="117"
          author=""
          tag=""
          device="">
          <div class="test-detail">
            <p class="name">Cost Group and Business Function Off Cost Centre Selection</p>
            <p class="text-sm">
              <span>12:56:14 pm</span> / <span>00:00:00:516</span>
              <span class="badge fail-bg log float-right">Fail</span>
            </p>
          </div>
          <div class="test-contents d-none">
<div class="detail-head">
<div class="p-v-10">
<div class="info">
<h5 class="test-status text-fail">Cost Group and Business Function Off Cost Centre Selection</h5>
<span class='badge badge-success'>12.12.2023 12:56:14 pm</span>
<span class='badge badge-danger'>12.12.2023 12:56:15 pm</span>
<span class='badge badge-default'>00:00:00:516</span>
&middot; <span class='uri-anchor badge badge-default'>#test-id=117</span>
<span class='badge badge-default pointer float-right ml-1 et'><i class="fa fa-chevron-down"></i></span>
<span class='badge badge-default pointer float-right ct'><i class="fa fa-chevron-up"></i></span>
</div>
<div class="m-t-10 m-l-5"></div>
</div>
</div>
<div class="accordion mt-4">
  <div class="card">
    <div class="card-header" role="tab">
      <div class="card-title">
        <div class="node" id="118"><span class="badge log fail-bg mr-2">Fail</span>Cost group and business function are selected based on the cost group for journal entries created through UI</div>
      </div>
    </div>
        <div class="">
          <div class="card-body">
              <div class="step fail-bg" title="StepDefinition.Cost_GroupAndBusiness_Function.user_is_on_the_netsuite_home_page()">
                <span>Given User is on the Netsuite HomePage</span>
      <div>
        <textarea disabled class="code-block">junit.framework.AssertionFailedError: Element not found
	at junit.framework.Assert.fail(Assert.java:57)
	at Generic.genericFunction.clickOnElement(genericFunction.java:265)
	at StepDefinition.Cost_GroupAndBusiness_Function.user_is_on_the_netsuite_home_page(Cost_GroupAndBusiness_Function.java:141)
	at ?.User is on the Netsuite HomePage(file:///C:/Users/902303/eclipse-workspace/FinanceAutomation/src/main/resources/featurefile/costGroup_And_BusinessFunction.feature:34)
</textarea>
      
      </div>
              </div>
              <div class="step skip-bg" title="StepDefinition.Cost_GroupAndBusiness_Function.user_gets_the_cost_centre_details_from_the_cost_centre_page()">
                <span>And User gets the cost centre details from the Cost centre page</span>
      <div>Step skipped
      </div>
              </div>
              <div class="step skip-bg" title="StepDefinition.Cost_GroupAndBusiness_Function.user_creates_a_new_journal_entry()">
                <span>When User creates a new journal entry</span>
      <div>Step skipped
      </div>
              </div>
              <div class="step skip-bg" title="StepDefinition.Cost_GroupAndBusiness_Function.user_views_the_cost_group_and_business_functions_in_the_lines_subtab()">
                <span>And User views the cost group and business functions in the Lines subtab</span>
      <div>Step skipped
      </div>
              </div>
              <div class="step skip-bg" title="StepDefinition.Cost_GroupAndBusiness_Function.user_verifies_the_cost_group_and_business_function_are_populated_based_on_the_cost_centre()">
                <span>Then User verifies the Cost group and business function are populated based on the Cost centre for journal</span>
      <div>Step skipped
      </div>
              </div>
              <div class="step skip-bg" title="StepDefinition.Cost_GroupAndBusiness_Function.user_views_the_GL_Impact_subtab()">
                <span>When User navigates to the GL Impact subtab</span>
      <div>Step skipped
      </div>
              </div>
              <div class="step skip-bg" title="StepDefinition.Cost_GroupAndBusiness_Function.user_verifies_the_cost_group_and_business_function_are_populated_based_on_the_cost_centre_in_gl_Impact()">
                <span>Then User verifies the Cost group and business function are populated based on the Cost centre in GL Impact</span>
      <div>Step skipped
      </div>
              </div>
              <div class="step fail-bg" title="AFTER">
                <span>StepDefinition.Hooks.takeScreenshot(io.cucumber.java.Scenario)</span>
      <div>
        <textarea disabled class="code-block">org.openqa.selenium.NoSuchSessionException: Session ID is null. Using WebDriver after calling quit()?
Build info: version: '4.10.0', revision: 'c14d967899'
System info: os.name: 'Windows 10', os.arch: 'amd64', os.version: '10.0', java.version: '17.0.1'
Driver info: org.openqa.selenium.chrome.ChromeDriver
Command: [null, screenshot {}]
Capabilities {acceptInsecureCerts: false, browserName: chrome, browserVersion: 117.0.5938.63, chrome: {chromedriverVersion: 117.0.5938.149 (e3344ddefa1..., userDataDir: C:\WINDOWS\SystemTemp\scope...}, fedcm:accounts: true, goog:chromeOptions: {debuggerAddress: localhost:54236}, networkConnectionEnabled: false, pageLoadStrategy: normal, platformName: windows, proxy: Proxy(), se:cdp: ws://localhost:54236/devtoo..., se:cdpVersion: 117.0.5938.63, setWindowRect: true, strictFileInteractability: false, timeouts: {implicit: 0, pageLoad: 300000, script: 30000}, unhandledPromptBehavior: dismiss and notify, webauthn:extension:credBlob: true, webauthn:extension:largeBlob: true, webauthn:extension:minPinLength: true, webauthn:extension:prf: true, webauthn:virtualAuthenticators: true}
	at org.openqa.selenium.remote.HttpCommandExecutor.execute(HttpCommandExecutor.java:152)
	at org.openqa.selenium.remote.service.DriverCommandExecutor.invokeExecute(DriverCommandExecutor.java:196)
	at org.openqa.selenium.remote.service.DriverCommandExecutor.execute(DriverCommandExecutor.java:171)
	at org.openqa.selenium.remote.RemoteWebDriver.execute(RemoteWebDriver.java:531)
	at org.openqa.selenium.remote.RemoteWebDriver.execute(RemoteWebDriver.java:590)
	at org.openqa.selenium.remote.RemoteWebDriver.execute(RemoteWebDriver.java:594)
	at org.openqa.selenium.remote.RemoteWebDriver.getScreenshotAs(RemoteWebDriver.java:316)
	at StepDefinition.Hooks.takeScreenshot(Hooks.java:40)
</textarea>
      
      </div>
              </div>
          </div>
        </div>
  </div>
  <div class="card">
    <div class="card-header" role="tab">
      <div class="card-title">
        <div class="node" id="128"><span class="badge log fail-bg mr-2">Fail</span>Cost group and business function are selected based on the cost group for Vendor Bills created through UI</div>
      </div>
    </div>
        <div class="">
          <div class="card-body">
              <div class="step fail-bg" title="StepDefinition.Cost_GroupAndBusiness_Function.user_is_on_the_netsuite_home_page()">
                <span>Given User is on the Netsuite HomePage</span>
      <div>
        <textarea disabled class="code-block">junit.framework.AssertionFailedError: Element not found
	at junit.framework.Assert.fail(Assert.java:57)
	at Generic.genericFunction.clickOnElement(genericFunction.java:265)
	at StepDefinition.Cost_GroupAndBusiness_Function.user_is_on_the_netsuite_home_page(Cost_GroupAndBusiness_Function.java:141)
	at ?.User is on the Netsuite HomePage(file:///C:/Users/902303/eclipse-workspace/FinanceAutomation/src/main/resources/featurefile/costGroup_And_BusinessFunction.feature:44)
</textarea>
      
      </div>
              </div>
              <div class="step skip-bg" title="StepDefinition.Cost_GroupAndBusiness_Function.user_gets_the_cost_centre_details_from_the_cost_centre_page()">
                <span>And User gets the cost centre details from the Cost centre page</span>
      <div>Step skipped
      </div>
              </div>
              <div class="step skip-bg" title="StepDefinition.Cost_GroupAndBusiness_Function.user_creates_new_vendor_bill()">
                <span>When User creates a new vendor bill</span>
      <div>Step skipped
      </div>
              </div>
              <div class="step skip-bg" title="StepDefinition.Cost_GroupAndBusiness_Function.user_verifies_the_cost_group_and_business_function_are_populated_based_on_the_cost_centre_in_the_header_level()">
                <span>Then User verifies the Cost group and business function are populated based on the Cost centre in the header level</span>
      <div>Step skipped
      </div>
              </div>
              <div class="step skip-bg" title="StepDefinition.Cost_GroupAndBusiness_Function.user_views_the_cost_group_and_business_functions_in_the_expenses_and_items_subtab()">
                <span>When User views the cost group and business functions in the Expenses and Items subtab</span>
      <div>Step skipped
      </div>
              </div>
              <div class="step skip-bg" title="StepDefinition.Cost_GroupAndBusiness_Function.user_verifies_the_cost_group_and_business_function_are_populated_based_on_the_cost_centre_in_the_line_level()">
                <span>Then User verifies the Cost group and business function are populated based on the Cost centre in the line level for vendorbill</span>
      <div>Step skipped
      </div>
              </div>
              <div class="step skip-bg" title="StepDefinition.Cost_GroupAndBusiness_Function.user_views_the_GL_Impact_subtab()">
                <span>When User navigates to the GL Impact subtab</span>
      <div>Step skipped
      </div>
              </div>
              <div class="step skip-bg" title="StepDefinition.Cost_GroupAndBusiness_Function.user_verifies_the_cost_group_and_business_function_are_populated_based_on_the_cost_centre_in_gl_Impact()">
                <span>Then User verifies the Cost group and business function are populated based on the Cost centre in GL Impact</span>
      <div>Step skipped
      </div>
              </div>
              <div class="step fail-bg" title="AFTER">
                <span>StepDefinition.Hooks.takeScreenshot(io.cucumber.java.Scenario)</span>
      <div>
        <textarea disabled class="code-block">org.openqa.selenium.NoSuchSessionException: Session ID is null. Using WebDriver after calling quit()?
Build info: version: '4.10.0', revision: 'c14d967899'
System info: os.name: 'Windows 10', os.arch: 'amd64', os.version: '10.0', java.version: '17.0.1'
Driver info: org.openqa.selenium.chrome.ChromeDriver
Command: [null, screenshot {}]
Capabilities {acceptInsecureCerts: false, browserName: chrome, browserVersion: 117.0.5938.63, chrome: {chromedriverVersion: 117.0.5938.149 (e3344ddefa1..., userDataDir: C:\WINDOWS\SystemTemp\scope...}, fedcm:accounts: true, goog:chromeOptions: {debuggerAddress: localhost:54236}, networkConnectionEnabled: false, pageLoadStrategy: normal, platformName: windows, proxy: Proxy(), se:cdp: ws://localhost:54236/devtoo..., se:cdpVersion: 117.0.5938.63, setWindowRect: true, strictFileInteractability: false, timeouts: {implicit: 0, pageLoad: 300000, script: 30000}, unhandledPromptBehavior: dismiss and notify, webauthn:extension:credBlob: true, webauthn:extension:largeBlob: true, webauthn:extension:minPinLength: true, webauthn:extension:prf: true, webauthn:virtualAuthenticators: true}
	at org.openqa.selenium.remote.HttpCommandExecutor.execute(HttpCommandExecutor.java:152)
	at org.openqa.selenium.remote.service.DriverCommandExecutor.invokeExecute(DriverCommandExecutor.java:196)
	at org.openqa.selenium.remote.service.DriverCommandExecutor.execute(DriverCommandExecutor.java:171)
	at org.openqa.selenium.remote.RemoteWebDriver.execute(RemoteWebDriver.java:531)
	at org.openqa.selenium.remote.RemoteWebDriver.execute(RemoteWebDriver.java:590)
	at org.openqa.selenium.remote.RemoteWebDriver.execute(RemoteWebDriver.java:594)
	at org.openqa.selenium.remote.RemoteWebDriver.getScreenshotAs(RemoteWebDriver.java:316)
	at StepDefinition.Hooks.takeScreenshot(Hooks.java:40)
</textarea>
      
      </div>
              </div>
          </div>
        </div>
  </div>
  <div class="card">
    <div class="card-header" role="tab">
      <div class="card-title">
        <div class="node" id="139"><span class="badge log fail-bg mr-2">Fail</span>Cost group and business function are selected based on the cost group for Bill payments</div>
      </div>
    </div>
        <div class="">
          <div class="card-body">
              <div class="step fail-bg" title="StepDefinition.Cost_GroupAndBusiness_Function.user_is_on_the_netsuite_home_page()">
                <span>Given User is on the Netsuite HomePage</span>
      <div>
        <textarea disabled class="code-block">junit.framework.AssertionFailedError: Element not found
	at junit.framework.Assert.fail(Assert.java:57)
	at Generic.genericFunction.clickOnElement(genericFunction.java:265)
	at StepDefinition.Cost_GroupAndBusiness_Function.user_is_on_the_netsuite_home_page(Cost_GroupAndBusiness_Function.java:141)
	at ?.User is on the Netsuite HomePage(file:///C:/Users/902303/eclipse-workspace/FinanceAutomation/src/main/resources/featurefile/costGroup_And_BusinessFunction.feature:65)
</textarea>
      
      </div>
              </div>
              <div class="step skip-bg" title="StepDefinition.Cost_GroupAndBusiness_Function.user_gets_the_cost_centre_details_from_the_cost_centre_page()">
                <span>And User gets the cost centre details from the Cost centre page</span>
      <div>Step skipped
      </div>
              </div>
              <div class="step skip-bg" title="StepDefinition.Cost_GroupAndBusiness_Function.user_makes_payment_using_eft_bill_payments()">
                <span>When User makes payment for bills using EFT bill payments</span>
      <div>Step skipped
      </div>
              </div>
              <div class="step skip-bg" >
                <span>And User opens the Bill payment record</span>
      <div>Step skipped
      </div>
              </div>
              <div class="step skip-bg" title="StepDefinition.Cost_GroupAndBusiness_Function.user_verifies_the_cost_group_and_business_function_are_populated_based_on_the_cost_centre_in_the_header_level()">
                <span>Then User verifies the Cost group and business function are populated based on the Cost centre in the header level</span>
      <div>Step skipped
      </div>
              </div>
              <div class="step skip-bg" title="StepDefinition.Cost_GroupAndBusiness_Function.user_views_the_GL_Impact_subtab()">
                <span>When User navigates to the GL Impact subtab</span>
      <div>Step skipped
      </div>
              </div>
              <div class="step skip-bg" title="StepDefinition.Cost_GroupAndBusiness_Function.user_verifies_the_cost_group_and_business_function_are_populated_based_on_the_cost_centre_in_gl_Impact()">
                <span>Then User verifies the Cost group and business function are populated based on the Cost centre in GL Impact</span>
      <div>Step skipped
      </div>
              </div>
              <div class="step fail-bg" title="AFTER">
                <span>StepDefinition.Hooks.takeScreenshot(io.cucumber.java.Scenario)</span>
      <div>
        <textarea disabled class="code-block">org.openqa.selenium.NoSuchSessionException: Session ID is null. Using WebDriver after calling quit()?
Build info: version: '4.10.0', revision: 'c14d967899'
System info: os.name: 'Windows 10', os.arch: 'amd64', os.version: '10.0', java.version: '17.0.1'
Driver info: org.openqa.selenium.chrome.ChromeDriver
Command: [null, screenshot {}]
Capabilities {acceptInsecureCerts: false, browserName: chrome, browserVersion: 117.0.5938.63, chrome: {chromedriverVersion: 117.0.5938.149 (e3344ddefa1..., userDataDir: C:\WINDOWS\SystemTemp\scope...}, fedcm:accounts: true, goog:chromeOptions: {debuggerAddress: localhost:54236}, networkConnectionEnabled: false, pageLoadStrategy: normal, platformName: windows, proxy: Proxy(), se:cdp: ws://localhost:54236/devtoo..., se:cdpVersion: 117.0.5938.63, setWindowRect: true, strictFileInteractability: false, timeouts: {implicit: 0, pageLoad: 300000, script: 30000}, unhandledPromptBehavior: dismiss and notify, webauthn:extension:credBlob: true, webauthn:extension:largeBlob: true, webauthn:extension:minPinLength: true, webauthn:extension:prf: true, webauthn:virtualAuthenticators: true}
	at org.openqa.selenium.remote.HttpCommandExecutor.execute(HttpCommandExecutor.java:152)
	at org.openqa.selenium.remote.service.DriverCommandExecutor.invokeExecute(DriverCommandExecutor.java:196)
	at org.openqa.selenium.remote.service.DriverCommandExecutor.execute(DriverCommandExecutor.java:171)
	at org.openqa.selenium.remote.RemoteWebDriver.execute(RemoteWebDriver.java:531)
	at org.openqa.selenium.remote.RemoteWebDriver.execute(RemoteWebDriver.java:590)
	at org.openqa.selenium.remote.RemoteWebDriver.execute(RemoteWebDriver.java:594)
	at org.openqa.selenium.remote.RemoteWebDriver.getScreenshotAs(RemoteWebDriver.java:316)
	at StepDefinition.Hooks.takeScreenshot(Hooks.java:40)
</textarea>
      
      </div>
              </div>
          </div>
        </div>
  </div>
</div>
          </div>
        </li>
      </ul>
    </div>
  </div>
<div class="test-content scrollable">
<div class="test-content-tools">
<ul><li><a class="back-to-test" href="#"><i class="fa fa-arrow-left"></i></a></li></ul>
</div>
<div class="test-content-detail"><div class="detail-body"></div></div>
</div></div>
<div class="test-wrapper row view exception-view attributes-view">
<div class="test-list">
<div class="test-list-tools">
<ul class="tools pull-left"><li><a href=""><span class="font-size-14">Exception</span></a></li></ul>
<ul class="tools text-right"><li><a href="#"><span class="badge badge-primary">3</span></a></li></ul>
</div>
<div class="test-list-wrapper scrollable">
<ul class="test-list-item">
<li class="test-item">
<div class="test-detail">
<span class="meta">
<span class='badge log badge-danger'>4</span>
</span>
<p class="name">org.openqa.selenium.NoSuchWindowException</p>
<p class="duration text-sm">4 tests</p>
</div>
<div class="test-contents d-none">
<div class="info">
<h4>org.openqa.selenium.NoSuchWindowException</h4>
<span status="fail" class='badge log badge-danger'>4 failed</span>
</div>
<table class='table table-sm mt-4'>
<thead>
<tr>
<th class="status-col">Status</th>
<th class="timestamp-col">Timestamp</th>
<th>TestName</th>
</tr>
</thead>
<tbody>
<tr class="tag-test-status" status="fail">
<td><span class="badge log fail-bg">Fail</span></td>
<td>12:55:32 pm</td>
<td>
<a href="#" class="linked" test-id='1' id='4'>Given User is logged into the Netsuite Application with Wickes developer role</a>
<div class="">
<span class="badge badge-default">Supplier ID Generation.User creates a Stock vendor.Given User is logged into the Netsuite Application with Wickes developer role</span>
</div>
</td>
</tr>
<tr class="tag-test-status" status="fail">
<td><span class="badge log fail-bg">Fail</span></td>
<td>12:55:44 pm</td>
<td>
<a href="#" class="linked" test-id='1' id='11'>StepDefinition.Hooks.takeScreenshot(io.cucumber.java.Scenario)</a>
<div class="">
<span class="badge badge-default">Supplier ID Generation.User creates a Stock vendor.StepDefinition.Hooks.takeScreenshot(io.cucumber.java.Scenario)</span>
</div>
</td>
</tr>
<tr class="tag-test-status" status="fail">
<td><span class="badge log fail-bg">Fail</span></td>
<td>12:55:56 pm</td>
<td>
<a href="#" class="linked" test-id='1' id='20'>StepDefinition.Hooks.takeScreenshot(io.cucumber.java.Scenario)</a>
<div class="">
<span class="badge badge-default">Supplier ID Generation.User rejects a Stock vendor during approval.StepDefinition.Hooks.takeScreenshot(io.cucumber.java.Scenario)</span>
</div>
</td>
</tr>
<tr class="tag-test-status" status="fail">
<td><span class="badge log fail-bg">Fail</span></td>
<td>12:56:07 pm</td>
<td>
<a href="#" class="linked" test-id='1' id='31'>StepDefinition.Hooks.takeScreenshot(io.cucumber.java.Scenario)</a>
<div class="">
<span class="badge badge-default">Supplier ID Generation.User resubmits the rejected stock vendor.StepDefinition.Hooks.takeScreenshot(io.cucumber.java.Scenario)</span>
</div>
</td>
</tr>
</tbody>
</table>
</div>
</li>
<li class="test-item">
<div class="test-detail">
<span class="meta">
<span class='badge log badge-danger'>12</span>
</span>
<p class="name">junit.framework.AssertionFailedError</p>
<p class="duration text-sm">12 tests</p>
</div>
<div class="test-contents d-none">
<div class="info">
<h4>junit.framework.AssertionFailedError</h4>
<span status="fail" class='badge log badge-danger'>12 failed</span>
</div>
<table class='table table-sm mt-4'>
<thead>
<tr>
<th class="status-col">Status</th>
<th class="timestamp-col">Timestamp</th>
<th>TestName</th>
</tr>
</thead>
<tbody>
<tr class="tag-test-status" status="fail">
<td><span class="badge log fail-bg">Fail</span></td>
<td>12:55:44 pm</td>
<td>
<a href="#" class="linked" test-id='1' id='14'>Given User is in the Netsuite HomePage</a>
<div class="">
<span class="badge badge-default">Supplier ID Generation.User rejects a Stock vendor during approval.Given User is in the Netsuite HomePage</span>
</div>
</td>
</tr>
<tr class="tag-test-status" status="fail">
<td><span class="badge log fail-bg">Fail</span></td>
<td>12:55:56 pm</td>
<td>
<a href="#" class="linked" test-id='1' id='24'>When User updates the vendor record with correct details</a>
<div class="">
<span class="badge badge-default">Supplier ID Generation.User resubmits the rejected stock vendor.When User updates the vendor record with correct details</span>
</div>
</td>
</tr>
<tr class="tag-test-status" status="fail">
<td><span class="badge log fail-bg">Fail</span></td>
<td>12:56:09 pm</td>
<td>
<a href="#" class="linked" test-id='33' id='49'>Given User is in the Netsuite HomePage</a>
<div class="">
<span class="badge badge-default">Due Dates.User verifies the Due date is correct after the approval of the GNFR invoice with X term.Given User is in the Netsuite HomePage</span>
</div>
</td>
</tr>
<tr class="tag-test-status" status="fail">
<td><span class="badge log fail-bg">Fail</span></td>
<td>12:56:11 pm</td>
<td>
<a href="#" class="linked" test-id='57' id='60'>Given User is in the Netsuite HomePage</a>
<div class="">
<span class="badge badge-default">Vision Installer Vendor Bills.User verifies the vendor bill is created in Netsuite for the installation payment made in vision for the installer with CIS level G.Given User is in the Netsuite HomePage</span>
</div>
</td>
</tr>
<tr class="tag-test-status" status="fail">
<td><span class="badge log fail-bg">Fail</span></td>
<td>12:56:12 pm</td>
<td>
<a href="#" class="linked" test-id='57' id='69'>When User navigates to the GL Impact subtab</a>
<div class="">
<span class="badge badge-default">Vision Installer Vendor Bills.User verifies the GL Impact details of the installer vendor bill for the installation only transaction with CIS level G.When User navigates to the GL Impact subtab</span>
</div>
</td>
</tr>
<tr class="tag-test-status" status="fail">
<td><span class="badge log fail-bg">Fail</span></td>
<td>12:56:12 pm</td>
<td>
<a href="#" class="linked" test-id='57' id='74'>Given User is in the Netsuite HomePage</a>
<div class="">
<span class="badge badge-default">Vision Installer Vendor Bills.User verifies the vendor bill is created in Netsuite for the installation payment made in vision for the installer with CIS level S.Given User is in the Netsuite HomePage</span>
</div>
</td>
</tr>
<tr class="tag-test-status" status="fail">
<td><span class="badge log fail-bg">Fail</span></td>
<td>12:56:13 pm</td>
<td>
<a href="#" class="linked" test-id='57' id='83'>When User navigates to the GL Impact subtab</a>
<div class="">
<span class="badge badge-default">Vision Installer Vendor Bills.User verifies the GL Impact details of the installer vendor bill for the installation only transaction with CIS level S.When User navigates to the GL Impact subtab</span>
</div>
</td>
</tr>
<tr class="tag-test-status" status="fail">
<td><span class="badge log fail-bg">Fail</span></td>
<td>12:56:14 pm</td>
<td>
<a href="#" class="linked" test-id='86' id='97'>When User gets the default item from the supplier record</a>
<div class="">
<span class="badge badge-default">Readsoft Integration.User verifies AP coding script replaces the item with default item for the GFR invoice created via Readsoft.When User gets the default item from the supplier record</span>
</div>
</td>
</tr>
<tr class="tag-test-status" status="fail">
<td><span class="badge log fail-bg">Fail</span></td>
<td>12:56:14 pm</td>
<td>
<a href="#" class="linked" test-id='86' id='112'>When User gets the default item from the supplier record</a>
<div class="">
<span class="badge badge-default">Readsoft Integration.User verifies AP coding script replaces the item with default item for the GFR credit created via Readsoft.When User gets the default item from the supplier record</span>
</div>
</td>
</tr>
<tr class="tag-test-status" status="fail">
<td><span class="badge log fail-bg">Fail</span></td>
<td>12:56:15 pm</td>
<td>
<a href="#" class="linked" test-id='117' id='120'>Given User is on the Netsuite HomePage</a>
<div class="">
<span class="badge badge-default">Cost Group and Business Function Off Cost Centre Selection.Cost group and business function are selected based on the cost group for journal entries created through UI.Given User is on the Netsuite HomePage</span>
</div>
</td>
</tr>
<tr class="tag-test-status" status="fail">
<td><span class="badge log fail-bg">Fail</span></td>
<td>12:56:15 pm</td>
<td>
<a href="#" class="linked" test-id='117' id='130'>Given User is on the Netsuite HomePage</a>
<div class="">
<span class="badge badge-default">Cost Group and Business Function Off Cost Centre Selection.Cost group and business function are selected based on the cost group for Vendor Bills created through UI.Given User is on the Netsuite HomePage</span>
</div>
</td>
</tr>
<tr class="tag-test-status" status="fail">
<td><span class="badge log fail-bg">Fail</span></td>
<td>12:56:15 pm</td>
<td>
<a href="#" class="linked" test-id='117' id='141'>Given User is on the Netsuite HomePage</a>
<div class="">
<span class="badge badge-default">Cost Group and Business Function Off Cost Centre Selection.Cost group and business function are selected based on the cost group for Bill payments.Given User is on the Netsuite HomePage</span>
</div>
</td>
</tr>
</tbody>
</table>
</div>
</li>
<li class="test-item">
<div class="test-detail">
<span class="meta">
<span class='badge log badge-danger'>16</span>
</span>
<p class="name">org.openqa.selenium.NoSuchSessionException</p>
<p class="duration text-sm">16 tests</p>
</div>
<div class="test-contents d-none">
<div class="info">
<h4>org.openqa.selenium.NoSuchSessionException</h4>
<span status="fail" class='badge log badge-danger'>16 failed</span>
</div>
<table class='table table-sm mt-4'>
<thead>
<tr>
<th class="status-col">Status</th>
<th class="timestamp-col">Timestamp</th>
<th>TestName</th>
</tr>
</thead>
<tbody>
<tr class="tag-test-status" status="fail">
<td><span class="badge log fail-bg">Fail</span></td>
<td>12:56:09 pm</td>
<td>
<a href="#" class="linked" test-id='33' id='37'>Given User is logged into the Readsoft Application with AP Manager role</a>
<div class="">
<span class="badge badge-default">Due Dates.User verifies the Due date set script populates the correct due date on the GNFR invoice received from Readsoft for the X term.Given User is logged into the Readsoft Application with AP Manager role</span>
</div>
</td>
</tr>
<tr class="tag-test-status" status="fail">
<td><span class="badge log fail-bg">Fail</span></td>
<td>12:56:09 pm</td>
<td>
<a href="#" class="linked" test-id='33' id='45'>StepDefinition.Hooks.takeScreenshot(io.cucumber.java.Scenario)</a>
<div class="">
<span class="badge badge-default">Due Dates.User verifies the Due date set script populates the correct due date on the GNFR invoice received from Readsoft for the X term.StepDefinition.Hooks.takeScreenshot(io.cucumber.java.Scenario)</span>
</div>
</td>
</tr>
<tr class="tag-test-status" status="fail">
<td><span class="badge log fail-bg">Fail</span></td>
<td>12:56:10 pm</td>
<td>
<a href="#" class="linked" test-id='33' id='56'>StepDefinition.Hooks.takeScreenshot(io.cucumber.java.Scenario)</a>
<div class="">
<span class="badge badge-default">Due Dates.User verifies the Due date is correct after the approval of the GNFR invoice with X term.StepDefinition.Hooks.takeScreenshot(io.cucumber.java.Scenario)</span>
</div>
</td>
</tr>
<tr class="tag-test-status" status="fail">
<td><span class="badge log fail-bg">Fail</span></td>
<td>12:56:12 pm</td>
<td>
<a href="#" class="linked" test-id='57' id='65'>StepDefinition.Hooks.takeScreenshot(io.cucumber.java.Scenario)</a>
<div class="">
<span class="badge badge-default">Vision Installer Vendor Bills.User verifies the vendor bill is created in Netsuite for the installation payment made in vision for the installer with CIS level G.StepDefinition.Hooks.takeScreenshot(io.cucumber.java.Scenario)</span>
</div>
</td>
</tr>
<tr class="tag-test-status" status="fail">
<td><span class="badge log fail-bg">Fail</span></td>
<td>12:56:12 pm</td>
<td>
<a href="#" class="linked" test-id='57' id='71'>StepDefinition.Hooks.takeScreenshot(io.cucumber.java.Scenario)</a>
<div class="">
<span class="badge badge-default">Vision Installer Vendor Bills.User verifies the GL Impact details of the installer vendor bill for the installation only transaction with CIS level G.StepDefinition.Hooks.takeScreenshot(io.cucumber.java.Scenario)</span>
</div>
</td>
</tr>
<tr class="tag-test-status" status="fail">
<td><span class="badge log fail-bg">Fail</span></td>
<td>12:56:13 pm</td>
<td>
<a href="#" class="linked" test-id='57' id='79'>StepDefinition.Hooks.takeScreenshot(io.cucumber.java.Scenario)</a>
<div class="">
<span class="badge badge-default">Vision Installer Vendor Bills.User verifies the vendor bill is created in Netsuite for the installation payment made in vision for the installer with CIS level S.StepDefinition.Hooks.takeScreenshot(io.cucumber.java.Scenario)</span>
</div>
</td>
</tr>
<tr class="tag-test-status" status="fail">
<td><span class="badge log fail-bg">Fail</span></td>
<td>12:56:13 pm</td>
<td>
<a href="#" class="linked" test-id='57' id='85'>StepDefinition.Hooks.takeScreenshot(io.cucumber.java.Scenario)</a>
<div class="">
<span class="badge badge-default">Vision Installer Vendor Bills.User verifies the GL Impact details of the installer vendor bill for the installation only transaction with CIS level S.StepDefinition.Hooks.takeScreenshot(io.cucumber.java.Scenario)</span>
</div>
</td>
</tr>
<tr class="tag-test-status" status="fail">
<td><span class="badge log fail-bg">Fail</span></td>
<td>12:56:14 pm</td>
<td>
<a href="#" class="linked" test-id='86' id='89'>Given User is logged into the Readsoft Application with AP Manager role</a>
<div class="">
<span class="badge badge-default">Readsoft Integration.User creates the GFR invoice.Given User is logged into the Readsoft Application with AP Manager role</span>
</div>
</td>
</tr>
<tr class="tag-test-status" status="fail">
<td><span class="badge log fail-bg">Fail</span></td>
<td>12:56:14 pm</td>
<td>
<a href="#" class="linked" test-id='86' id='93'>StepDefinition.Hooks.takeScreenshot(io.cucumber.java.Scenario)</a>
<div class="">
<span class="badge badge-default">Readsoft Integration.User creates the GFR invoice.StepDefinition.Hooks.takeScreenshot(io.cucumber.java.Scenario)</span>
</div>
</td>
</tr>
<tr class="tag-test-status" status="fail">
<td><span class="badge log fail-bg">Fail</span></td>
<td>12:56:14 pm</td>
<td>
<a href="#" class="linked" test-id='86' id='101'>StepDefinition.Hooks.takeScreenshot(io.cucumber.java.Scenario)</a>
<div class="">
<span class="badge badge-default">Readsoft Integration.User verifies AP coding script replaces the item with default item for the GFR invoice created via Readsoft.StepDefinition.Hooks.takeScreenshot(io.cucumber.java.Scenario)</span>
</div>
</td>
</tr>
<tr class="tag-test-status" status="fail">
<td><span class="badge log fail-bg">Fail</span></td>
<td>12:56:14 pm</td>
<td>
<a href="#" class="linked" test-id='86' id='104'>Given User is in the readsoft HomePage</a>
<div class="">
<span class="badge badge-default">Readsoft Integration.User creates the GFR credit.Given User is in the readsoft HomePage</span>
</div>
</td>
</tr>
<tr class="tag-test-status" status="fail">
<td><span class="badge log fail-bg">Fail</span></td>
<td>12:56:14 pm</td>
<td>
<a href="#" class="linked" test-id='86' id='108'>StepDefinition.Hooks.takeScreenshot(io.cucumber.java.Scenario)</a>
<div class="">
<span class="badge badge-default">Readsoft Integration.User creates the GFR credit.StepDefinition.Hooks.takeScreenshot(io.cucumber.java.Scenario)</span>
</div>
</td>
</tr>
<tr class="tag-test-status" status="fail">
<td><span class="badge log fail-bg">Fail</span></td>
<td>12:56:14 pm</td>
<td>
<a href="#" class="linked" test-id='86' id='115'>StepDefinition.Hooks.takeScreenshot(io.cucumber.java.Scenario)</a>
<div class="">
<span class="badge badge-default">Readsoft Integration.User verifies AP coding script replaces the item with default item for the GFR credit created via Readsoft.StepDefinition.Hooks.takeScreenshot(io.cucumber.java.Scenario)</span>
</div>
</td>
</tr>
<tr class="tag-test-status" status="fail">
<td><span class="badge log fail-bg">Fail</span></td>
<td>12:56:15 pm</td>
<td>
<a href="#" class="linked" test-id='117' id='127'>StepDefinition.Hooks.takeScreenshot(io.cucumber.java.Scenario)</a>
<div class="">
<span class="badge badge-default">Cost Group and Business Function Off Cost Centre Selection.Cost group and business function are selected based on the cost group for journal entries created through UI.StepDefinition.Hooks.takeScreenshot(io.cucumber.java.Scenario)</span>
</div>
</td>
</tr>
<tr class="tag-test-status" status="fail">
<td><span class="badge log fail-bg">Fail</span></td>
<td>12:56:15 pm</td>
<td>
<a href="#" class="linked" test-id='117' id='138'>StepDefinition.Hooks.takeScreenshot(io.cucumber.java.Scenario)</a>
<div class="">
<span class="badge badge-default">Cost Group and Business Function Off Cost Centre Selection.Cost group and business function are selected based on the cost group for Vendor Bills created through UI.StepDefinition.Hooks.takeScreenshot(io.cucumber.java.Scenario)</span>
</div>
</td>
</tr>
<tr class="tag-test-status" status="fail">
<td><span class="badge log fail-bg">Fail</span></td>
<td>12:56:15 pm</td>
<td>
<a href="#" class="linked" test-id='117' id='148'>StepDefinition.Hooks.takeScreenshot(io.cucumber.java.Scenario)</a>
<div class="">
<span class="badge badge-default">Cost Group and Business Function Off Cost Centre Selection.Cost group and business function are selected based on the cost group for Bill payments.StepDefinition.Hooks.takeScreenshot(io.cucumber.java.Scenario)</span>
</div>
</td>
</tr>
</tbody>
</table>
</div>
</li>
</ul>
</div>
</div>
<div class="test-content scrollable">
<div class="test-content-detail">
<div class="detail-body"></div>
</div>
</div>
</div><div class="test-wrapper row view category-view attributes-view">
<div class="test-list">
<div class="test-list-tools">
<ul class="tools pull-left"><li><a href=""><span class="font-size-14">Category</span></a></li></ul>
<ul class="tools text-right"><li><a href="#"><span class="badge badge-primary">3</span></a></li></ul>
</div>
<div class="test-list-wrapper scrollable">
<ul class="test-list-item">
<li class="test-item">
<div class="test-detail">
<span class="meta">
<span class='badge log badge-danger'>16</span>
</span>
<p class="name">@Demo</p>
<p class="duration text-sm">16 tests</p>
</div>
<div class="test-contents d-none">
<div class="info">
<h4>@Demo</h4>
<span status="fail" class='badge log badge-danger'>16 failed</span>
</div>
<table class='table table-sm mt-4'>
<thead>
<tr>
<th class="status-col">Status</th>
<th class="timestamp-col">Timestamp</th>
<th>TestName</th>
</tr>
</thead>
<tbody>
<tr class="tag-test-status" status="fail">
<td><span class="badge log fail-bg">Fail</span></td>
<td>12:55:29 pm</td>
<td>
<a href="#" class="linked" test-id='1' id='2'>User creates a Stock vendor</a>
<div class="">
<span class="badge badge-default">Supplier ID Generation.User creates a Stock vendor</span>
</div>
</td>
</tr>
<tr class="tag-test-status" status="fail">
<td><span class="badge log fail-bg">Fail</span></td>
<td>12:55:44 pm</td>
<td>
<a href="#" class="linked" test-id='1' id='12'>User rejects a Stock vendor during approval</a>
<div class="">
<span class="badge badge-default">Supplier ID Generation.User rejects a Stock vendor during approval</span>
</div>
</td>
</tr>
<tr class="tag-test-status" status="fail">
<td><span class="badge log fail-bg">Fail</span></td>
<td>12:55:56 pm</td>
<td>
<a href="#" class="linked" test-id='1' id='21'>User resubmits the rejected stock vendor</a>
<div class="">
<span class="badge badge-default">Supplier ID Generation.User resubmits the rejected stock vendor</span>
</div>
</td>
</tr>
<tr class="tag-test-status" status="fail">
<td><span class="badge log fail-bg">Fail</span></td>
<td>12:56:08 pm</td>
<td>
<a href="#" class="linked" test-id='33' id='35'>User verifies the Due date set script populates the correct due date on the GNFR invoice received from Readsoft for the X term</a>
<div class="">
<span class="badge badge-default">Due Dates.User verifies the Due date set script populates the correct due date on the GNFR invoice received from Readsoft for the X term</span>
</div>
</td>
</tr>
<tr class="tag-test-status" status="fail">
<td><span class="badge log fail-bg">Fail</span></td>
<td>12:56:09 pm</td>
<td>
<a href="#" class="linked" test-id='33' id='47'>User verifies the Due date is correct after the approval of the GNFR invoice with X term</a>
<div class="">
<span class="badge badge-default">Due Dates.User verifies the Due date is correct after the approval of the GNFR invoice with X term</span>
</div>
</td>
</tr>
<tr class="tag-test-status" status="fail">
<td><span class="badge log fail-bg">Fail</span></td>
<td>12:56:10 pm</td>
<td>
<a href="#" class="linked" test-id='57' id='58'>User verifies the vendor bill is created in Netsuite for the installation payment made in vision for the installer with CIS level G</a>
<div class="">
<span class="badge badge-default">Vision Installer Vendor Bills.User verifies the vendor bill is created in Netsuite for the installation payment made in vision for the installer with CIS level G</span>
</div>
</td>
</tr>
<tr class="tag-test-status" status="fail">
<td><span class="badge log fail-bg">Fail</span></td>
<td>12:56:12 pm</td>
<td>
<a href="#" class="linked" test-id='57' id='66'>User verifies the GL Impact details of the installer vendor bill for the installation only transaction with CIS level G</a>
<div class="">
<span class="badge badge-default">Vision Installer Vendor Bills.User verifies the GL Impact details of the installer vendor bill for the installation only transaction with CIS level G</span>
</div>
</td>
</tr>
<tr class="tag-test-status" status="fail">
<td><span class="badge log fail-bg">Fail</span></td>
<td>12:56:12 pm</td>
<td>
<a href="#" class="linked" test-id='57' id='72'>User verifies the vendor bill is created in Netsuite for the installation payment made in vision for the installer with CIS level S</a>
<div class="">
<span class="badge badge-default">Vision Installer Vendor Bills.User verifies the vendor bill is created in Netsuite for the installation payment made in vision for the installer with CIS level S</span>
</div>
</td>
</tr>
<tr class="tag-test-status" status="fail">
<td><span class="badge log fail-bg">Fail</span></td>
<td>12:56:13 pm</td>
<td>
<a href="#" class="linked" test-id='57' id='80'>User verifies the GL Impact details of the installer vendor bill for the installation only transaction with CIS level S</a>
<div class="">
<span class="badge badge-default">Vision Installer Vendor Bills.User verifies the GL Impact details of the installer vendor bill for the installation only transaction with CIS level S</span>
</div>
</td>
</tr>
<tr class="tag-test-status" status="fail">
<td><span class="badge log fail-bg">Fail</span></td>
<td>12:56:13 pm</td>
<td>
<a href="#" class="linked" test-id='86' id='87'>User creates the GFR invoice</a>
<div class="">
<span class="badge badge-default">Readsoft Integration.User creates the GFR invoice</span>
</div>
</td>
</tr>
<tr class="tag-test-status" status="fail">
<td><span class="badge log fail-bg">Fail</span></td>
<td>12:56:14 pm</td>
<td>
<a href="#" class="linked" test-id='86' id='94'>User verifies AP coding script replaces the item with default item for the GFR invoice created via Readsoft</a>
<div class="">
<span class="badge badge-default">Readsoft Integration.User verifies AP coding script replaces the item with default item for the GFR invoice created via Readsoft</span>
</div>
</td>
</tr>
<tr class="tag-test-status" status="fail">
<td><span class="badge log fail-bg">Fail</span></td>
<td>12:56:14 pm</td>
<td>
<a href="#" class="linked" test-id='86' id='102'>User creates the GFR credit</a>
<div class="">
<span class="badge badge-default">Readsoft Integration.User creates the GFR credit</span>
</div>
</td>
</tr>
<tr class="tag-test-status" status="fail">
<td><span class="badge log fail-bg">Fail</span></td>
<td>12:56:14 pm</td>
<td>
<a href="#" class="linked" test-id='86' id='109'>User verifies AP coding script replaces the item with default item for the GFR credit created via Readsoft</a>
<div class="">
<span class="badge badge-default">Readsoft Integration.User verifies AP coding script replaces the item with default item for the GFR credit created via Readsoft</span>
</div>
</td>
</tr>
<tr class="tag-test-status" status="fail">
<td><span class="badge log fail-bg">Fail</span></td>
<td>12:56:14 pm</td>
<td>
<a href="#" class="linked" test-id='117' id='118'>Cost group and business function are selected based on the cost group for journal entries created through UI</a>
<div class="">
<span class="badge badge-default">Cost Group and Business Function Off Cost Centre Selection.Cost group and business function are selected based on the cost group for journal entries created through UI</span>
</div>
</td>
</tr>
<tr class="tag-test-status" status="fail">
<td><span class="badge log fail-bg">Fail</span></td>
<td>12:56:15 pm</td>
<td>
<a href="#" class="linked" test-id='117' id='128'>Cost group and business function are selected based on the cost group for Vendor Bills created through UI</a>
<div class="">
<span class="badge badge-default">Cost Group and Business Function Off Cost Centre Selection.Cost group and business function are selected based on the cost group for Vendor Bills created through UI</span>
</div>
</td>
</tr>
<tr class="tag-test-status" status="fail">
<td><span class="badge log fail-bg">Fail</span></td>
<td>12:56:15 pm</td>
<td>
<a href="#" class="linked" test-id='117' id='139'>Cost group and business function are selected based on the cost group for Bill payments</a>
<div class="">
<span class="badge badge-default">Cost Group and Business Function Off Cost Centre Selection.Cost group and business function are selected based on the cost group for Bill payments</span>
</div>
</td>
</tr>
</tbody>
</table>
</div>
</li>
<li class="test-item">
<div class="test-detail">
<span class="meta">
<span class='badge log badge-danger'>4</span>
</span>
<p class="name">@AP</p>
<p class="duration text-sm">4 tests</p>
</div>
<div class="test-contents d-none">
<div class="info">
<h4>@AP</h4>
<span status="fail" class='badge log badge-danger'>4 failed</span>
</div>
<table class='table table-sm mt-4'>
<thead>
<tr>
<th class="status-col">Status</th>
<th class="timestamp-col">Timestamp</th>
<th>TestName</th>
</tr>
</thead>
<tbody>
<tr class="tag-test-status" status="fail">
<td><span class="badge log fail-bg">Fail</span></td>
<td>12:56:08 pm</td>
<td>
<a href="#" class="linked" test-id='33' id='35'>User verifies the Due date set script populates the correct due date on the GNFR invoice received from Readsoft for the X term</a>
<div class="">
<span class="badge badge-default">Due Dates.User verifies the Due date set script populates the correct due date on the GNFR invoice received from Readsoft for the X term</span>
</div>
</td>
</tr>
<tr class="tag-test-status" status="fail">
<td><span class="badge log fail-bg">Fail</span></td>
<td>12:56:09 pm</td>
<td>
<a href="#" class="linked" test-id='33' id='47'>User verifies the Due date is correct after the approval of the GNFR invoice with X term</a>
<div class="">
<span class="badge badge-default">Due Dates.User verifies the Due date is correct after the approval of the GNFR invoice with X term</span>
</div>
</td>
</tr>
<tr class="tag-test-status" status="fail">
<td><span class="badge log fail-bg">Fail</span></td>
<td>12:56:13 pm</td>
<td>
<a href="#" class="linked" test-id='86' id='87'>User creates the GFR invoice</a>
<div class="">
<span class="badge badge-default">Readsoft Integration.User creates the GFR invoice</span>
</div>
</td>
</tr>
<tr class="tag-test-status" status="fail">
<td><span class="badge log fail-bg">Fail</span></td>
<td>12:56:14 pm</td>
<td>
<a href="#" class="linked" test-id='86' id='94'>User verifies AP coding script replaces the item with default item for the GFR invoice created via Readsoft</a>
<div class="">
<span class="badge badge-default">Readsoft Integration.User verifies AP coding script replaces the item with default item for the GFR invoice created via Readsoft</span>
</div>
</td>
</tr>
</tbody>
</table>
</div>
</li>
<li class="test-item">
<div class="test-detail">
<span class="meta">
<span class='badge log badge-danger'>3</span>
</span>
<p class="name">@closeDriver</p>
<p class="duration text-sm">3 tests</p>
</div>
<div class="test-contents d-none">
<div class="info">
<h4>@closeDriver</h4>
<span status="fail" class='badge log badge-danger'>3 failed</span>
</div>
<table class='table table-sm mt-4'>
<thead>
<tr>
<th class="status-col">Status</th>
<th class="timestamp-col">Timestamp</th>
<th>TestName</th>
</tr>
</thead>
<tbody>
<tr class="tag-test-status" status="fail">
<td><span class="badge log fail-bg">Fail</span></td>
<td>12:55:56 pm</td>
<td>
<a href="#" class="linked" test-id='1' id='21'>User resubmits the rejected stock vendor</a>
<div class="">
<span class="badge badge-default">Supplier ID Generation.User resubmits the rejected stock vendor</span>
</div>
</td>
</tr>
<tr class="tag-test-status" status="fail">
<td><span class="badge log fail-bg">Fail</span></td>
<td>12:56:14 pm</td>
<td>
<a href="#" class="linked" test-id='86' id='109'>User verifies AP coding script replaces the item with default item for the GFR credit created via Readsoft</a>
<div class="">
<span class="badge badge-default">Readsoft Integration.User verifies AP coding script replaces the item with default item for the GFR credit created via Readsoft</span>
</div>
</td>
</tr>
<tr class="tag-test-status" status="fail">
<td><span class="badge log fail-bg">Fail</span></td>
<td>12:56:15 pm</td>
<td>
<a href="#" class="linked" test-id='117' id='139'>Cost group and business function are selected based on the cost group for Bill payments</a>
<div class="">
<span class="badge badge-default">Cost Group and Business Function Off Cost Centre Selection.Cost group and business function are selected based on the cost group for Bill payments</span>
</div>
</td>
</tr>
</tbody>
</table>
</div>
</li>
</ul>
</div>
</div>
<div class="test-content scrollable">
<div class="test-content-detail">
<div class="detail-body"></div>
</div>
</div>
</div><div class="container-fluid p-4 view dashboard-view">
<div class="row">
<div class="col-md-3">
<div class="card"><div class="card-body">
<p class="m-b-0">Started</p>
<h3>Dec 12, 2023 12:55:27 pm</h3>
</div></div>
</div>
<div class="col-md-3">
<div class="card"><div class="card-body">
<p class="m-b-0">Ended</p>
<h3>Dec 12, 2023 12:56:15 pm</h3>
</div></div>
</div>
<div class="col-md-3">
<div class="card"><div class="card-body">
<p class="m-b-0 text-pass">Features Passed</p>
<h3>0</h3>
</div></div>
</div>
<div class="col-md-3">
<div class="card"><div class="card-body">
<p class="m-b-0 text-fail">Features Failed</p>
<h3>5</h3>
</div></div>
</div>
</div>
<div class="row">
<div class="col-md-4">
<div class="card">
<div class="card-header">
<h6 class="card-title">Features</h6>
</div>
<div class="card-body">
<div class="">
<canvas id='parent-analysis' width='115' height='90'></canvas>
</div>
</div>
<div class="card-footer">
<div><small data-tooltip='0%'>
<b>0</b> features passed
</small>
</div>
<div>
<small data-tooltip='100%'><b>5</b> features failed,
<b>0</b> skipped, <b data-tooltip='0%'>0</b> others
</small>
</div>
</div>
</div>
</div>
<div class="col-md-4">
<div class="card">
<div class="card-header">
<h6 class="card-title">Scenarios</h6>
</div>
<div class="card-body">
<div class="">
<canvas id='child-analysis' width='115' height='90'></canvas>
</div>
</div>
<div class="card-footer">
<div><small data-tooltip='0%'><b>0</b> scenarios passed</small></div>
<div>
<small data-tooltip='100%'><b>16</b> scenarios failed,
<b>0</b> skipped, <b data-tooltip='%'>0</b> others
</small>
</div>
</div>
</div>
</div>
<div class="col-md-4">
<div class="card">
<div class="card-header">
<h6 class="card-title">Steps</h6>
</div>
<div class="card-body">
<div class="">
<canvas id='grandchild-analysis' width='115' height='90'></canvas>
</div>
</div>
<div class="card-footer">
<div><small data-tooltip='4%'><b>5</b> steps passed</small></div>
<div>
<small data-tooltip='29%'><b>32</b> steps failed,
<b>70</b> skipped, <b data-tooltip='%'>0</b> others
</small>
</div>
</div>
</div>
</div>
</div>
<div class="row"><div class="col-md-12">
<div class="card"><div class="card-header"><p>Timeline</p></div>
<div class="card-body pt-0"><div>
<canvas id="timeline" height="120"></canvas>
</div></div>
</div>
</div></div>
<script>
var timeline = {
"Supplier ID Generation":38.819,"Due Dates":2.011,"Vision Installer Vendor Bills":3.012,"Readsoft Integration":1.022,"Cost Group and Business Function Off Cost Centre Selection":0.516
};
</script>
<div class="row">
<div class="col-lg-6 col-md-12 category-container">
<div class="card">
<div class="card-header"><p>Tags</p></div>
<div class="card-body pb-0 pt-0"><table class="table table-sm table-bordered">
<thead><tr class="bg-gray"><th>Name</th><th>Passed</th><th>Failed</th><th>Skipped</th><th>Others</th><th>Passed %</th></tr></thead><tbody>
<tr>
<td>@Demo</td>
<td>0</td>
<td>16</td>
<td>0</td>
<td>0</td>
<td>0%</td>
</tr>
<tr>
<td>@AP</td>
<td>0</td>
<td>4</td>
<td>0</td>
<td>0</td>
<td>0%</td>
</tr>
<tr>
<td>@closeDriver</td>
<td>0</td>
<td>3</td>
<td>0</td>
<td>0</td>
<td>0%</td>
</tr>
</tbody>
</table></div>
</div>
</div>
<div class="col-lg-6 col-md-12 sysenv-container">
<div class="card">
<div class="card-header"><p>System/Environment</p></div>
<div class="card-body pb-0 pt-0"><table class="table table-sm table-bordered">
<thead><tr class="bg-gray"><th>Name</th><th>Value</th></tr></thead>
<tbody>
<tr>
<td>user</td>
<td>Finance Team</td>
</tr>
<tr>
<td>AppName</td>
<td>Netsuite </td>
</tr>
<tr>
<td>build</td>
<td>0.1</td>
</tr>
<tr>
<td>os</td>
<td>Windows</td>
</tr>
</tbody>
</table></div>
</div>
</div>
</div>
</div>
<script>
var statusGroup = {
parentCount: 5,
passParent: 0,
failParent: 5,
warningParent: 0,
skipParent: 0,
childCount: 5,
passChild: 0,
failChild: 16,
warningChild: 0,
skipChild: 0,
infoChild: 0,
grandChildCount: 5,
passGrandChild: 5,
failGrandChild: 32,
warningGrandChild: 0,
skipGrandChild: 70,
infoGrandChild: 0,
eventsCount: 5,
};
</script>        </div>
      </div>
    </div>
  </div>
<script src="https://cdn.jsdelivr.net/gh/extent-framework/extent-github-cdn@d6562a79075e061305ccfdb82f01e5e195e2d307/spark/js/spark-script.js"></script>
<script type="text/javascript"></script></body>
</html>